<?xml version="1.0" encoding="UTF-8"?>
<coverage generated="1777808658290" clover="3.2.0">
  <project timestamp="1777808658291" name="All files">
    <metrics statements="297" coveredstatements="242" conditionals="188" coveredconditionals="142" methods="137" coveredmethods="104" elements="622" coveredelements="488" complexity="0" loc="297" ncloc="297" packages="10" files="31" classes="31"/>
    <package name="components.films">
      <metrics statements="19" coveredstatements="11" conditionals="13" coveredconditionals="7" methods="12" coveredmethods="8"/>
      <file name="FilmCard.tsx" path="C:\Users\aggel\Desktop\Frontend_Developer_Technical_Assessmentder\swapi-app\src\components\films\FilmCard.tsx">
        <metrics statements="3" coveredstatements="3" conditionals="0" coveredconditionals="0" methods="2" coveredmethods="2"/>
        <line num="5" count="6" type="stmt"/>
        <line num="8" count="6" type="stmt"/>
        <line num="9" count="6" type="stmt"/>
      </file>
      <file name="FilmColumns.tsx" path="C:\Users\aggel\Desktop\Frontend_Developer_Technical_Assessmentder\swapi-app\src\components\films\FilmColumns.tsx">
        <metrics statements="2" coveredstatements="1" conditionals="0" coveredconditionals="0" methods="1" coveredmethods="0"/>
        <line num="20" count="1" type="stmt"/>
        <line num="24" count="0" type="stmt"/>
      </file>
      <file name="FilmDetail.tsx" path="C:\Users\aggel\Desktop\Frontend_Developer_Technical_Assessmentder\swapi-app\src\components\films\FilmDetail.tsx">
        <metrics statements="3" coveredstatements="3" conditionals="2" coveredconditionals="2" methods="3" coveredmethods="3"/>
        <line num="15" count="2" type="stmt"/>
        <line num="103" count="10" type="stmt"/>
        <line num="111" count="6" type="stmt"/>
      </file>
      <file name="FilmGrid.tsx" path="C:\Users\aggel\Desktop\Frontend_Developer_Technical_Assessmentder\swapi-app\src\components\films\FilmGrid.tsx">
        <metrics statements="8" coveredstatements="3" conditionals="10" coveredconditionals="4" methods="3" coveredmethods="2"/>
        <line num="38" count="3" type="stmt"/>
        <line num="49" count="0" type="cond" truecount="0" falsecount="2"/>
        <line num="53" count="0" type="cond" truecount="0" falsecount="2"/>
        <line num="54" count="0" type="stmt"/>
        <line num="56" count="0" type="cond" truecount="0" falsecount="2"/>
        <line num="57" count="0" type="stmt"/>
        <line num="65" count="3" type="stmt"/>
        <line num="78" count="4" type="stmt"/>
      </file>
      <file name="FilmToolbar.tsx" path="C:\Users\aggel\Desktop\Frontend_Developer_Technical_Assessmentder\swapi-app\src\components\films\FilmToolbar.tsx">
        <metrics statements="3" coveredstatements="1" conditionals="1" coveredconditionals="1" methods="3" coveredmethods="1"/>
        <line num="15" count="3" type="stmt"/>
        <line num="22" count="0" type="stmt"/>
        <line num="28" count="0" type="stmt"/>
      </file>
    </package>
    <package name="components.grid">
      <metrics statements="25" coveredstatements="17" conditionals="13" coveredconditionals="10" methods="9" coveredmethods="5"/>
      <file name="DataTablePagination.tsx" path="C:\Users\aggel\Desktop\Frontend_Developer_Technical_Assessmentder\swapi-app\src\components\grid\DataTablePagination.tsx">
        <metrics statements="23" coveredstatements="15" conditionals="11" coveredconditionals="8" methods="8" coveredmethods="4"/>
        <line num="1" count="4" type="stmt"/>
        <line num="28" count="4" type="stmt"/>
        <line num="29" count="4" type="stmt"/>
        <line num="37" count="12" type="stmt"/>
        <line num="38" count="1" type="stmt"/>
        <line num="39" count="1" type="cond" truecount="1" falsecount="1"/>
        <line num="40" count="1" type="stmt"/>
        <line num="41" count="1" type="cond" truecount="1" falsecount="1"/>
        <line num="42" count="0" type="stmt"/>
        <line num="43" count="0" type="stmt"/>
        <line num="44" count="0" type="stmt"/>
        <line num="48" count="1" type="cond" truecount="1" falsecount="1"/>
        <line num="49" count="0" type="stmt"/>
        <line num="57" count="12" type="stmt"/>
        <line num="58" count="12" type="stmt"/>
        <line num="59" count="12" type="stmt"/>
        <line num="61" count="12" type="stmt"/>
        <line num="80" count="60" type="stmt"/>
        <line num="82" count="0" type="stmt"/>
        <line num="106" count="0" type="stmt"/>
        <line num="113" count="0" type="stmt"/>
        <line num="120" count="1" type="stmt"/>
        <line num="127" count="0" type="stmt"/>
      </file>
      <file name="DataTableResetFilter.tsx" path="C:\Users\aggel\Desktop\Frontend_Developer_Technical_Assessmentder\swapi-app\src\components\grid\DataTableResetFilter.tsx">
        <metrics statements="2" coveredstatements="2" conditionals="2" coveredconditionals="2" methods="1" coveredmethods="1"/>
        <line num="15" count="12" type="cond" truecount="2" falsecount="0"/>
        <line num="17" count="4" type="stmt"/>
      </file>
    </package>
    <package name="components.layout">
      <metrics statements="1" coveredstatements="1" conditionals="4" coveredconditionals="4" methods="1" coveredmethods="1"/>
      <file name="ListPageContainer.tsx" path="C:\Users\aggel\Desktop\Frontend_Developer_Technical_Assessmentder\swapi-app\src\components\layout\ListPageContainer.tsx">
        <metrics statements="1" coveredstatements="1" conditionals="4" coveredconditionals="4" methods="1" coveredmethods="1"/>
        <line num="22" count="9" type="stmt"/>
      </file>
    </package>
    <package name="components.people">
      <metrics statements="26" coveredstatements="17" conditionals="31" coveredconditionals="19" methods="16" coveredmethods="11"/>
      <file name="PeopleColumns.tsx" path="C:\Users\aggel\Desktop\Frontend_Developer_Technical_Assessmentder\swapi-app\src\components\people\PeopleColumns.tsx">
        <metrics statements="4" coveredstatements="1" conditionals="2" coveredconditionals="0" methods="3" coveredmethods="0"/>
        <line num="22" count="2" type="stmt"/>
        <line num="26" count="0" type="stmt"/>
        <line num="32" count="0" type="cond" truecount="0" falsecount="2"/>
        <line num="55" count="0" type="stmt"/>
      </file>
      <file name="PeopleGrid.tsx" path="C:\Users\aggel\Desktop\Frontend_Developer_Technical_Assessmentder\swapi-app\src\components\people\PeopleGrid.tsx">
        <metrics statements="8" coveredstatements="3" conditionals="10" coveredconditionals="4" methods="3" coveredmethods="2"/>
        <line num="38" count="6" type="stmt"/>
        <line num="49" count="0" type="cond" truecount="0" falsecount="2"/>
        <line num="53" count="0" type="cond" truecount="0" falsecount="2"/>
        <line num="54" count="0" type="stmt"/>
        <line num="56" count="0" type="cond" truecount="0" falsecount="2"/>
        <line num="57" count="0" type="stmt"/>
        <line num="65" count="6" type="stmt"/>
        <line num="78" count="5" type="stmt"/>
      </file>
      <file name="PeopleToolbar.tsx" path="C:\Users\aggel\Desktop\Frontend_Developer_Technical_Assessmentder\swapi-app\src\components\people\PeopleToolbar.tsx">
        <metrics statements="3" coveredstatements="2" conditionals="1" coveredconditionals="1" methods="3" coveredmethods="2"/>
        <line num="15" count="6" type="stmt"/>
        <line num="22" count="0" type="stmt"/>
        <line num="28" count="1" type="stmt"/>
      </file>
      <file name="PersonCard.tsx" path="C:\Users\aggel\Desktop\Frontend_Developer_Technical_Assessmentder\swapi-app\src\components\people\PersonCard.tsx">
        <metrics statements="6" coveredstatements="6" conditionals="6" coveredconditionals="4" methods="3" coveredmethods="3"/>
        <line num="4" count="8" type="stmt"/>
        <line num="5" count="3" type="stmt"/>
        <line num="6" count="8" type="cond" truecount="2" falsecount="0"/>
        <line num="7" count="7" type="stmt"/>
        <line num="11" count="8" type="stmt"/>
        <line num="12" count="8" type="stmt"/>
      </file>
      <file name="PersonDetail.tsx" path="C:\Users\aggel\Desktop\Frontend_Developer_Technical_Assessmentder\swapi-app\src\components\people\PersonDetail.tsx">
        <metrics statements="5" coveredstatements="5" conditionals="12" coveredconditionals="10" methods="4" coveredmethods="4"/>
        <line num="16" count="3" type="stmt"/>
        <line num="18" count="3" type="stmt"/>
        <line num="29" count="21" type="stmt"/>
        <line num="65" count="12" type="stmt"/>
        <line num="71" count="3" type="stmt"/>
      </file>
    </package>
    <package name="components.ui">
      <metrics statements="8" coveredstatements="5" conditionals="4" coveredconditionals="4" methods="7" coveredmethods="4"/>
      <file name="input.tsx" path="C:\Users\aggel\Desktop\Frontend_Developer_Technical_Assessmentder\swapi-app\src\components\ui\input.tsx">
        <metrics statements="1" coveredstatements="1" conditionals="0" coveredconditionals="0" methods="1" coveredmethods="1"/>
        <line num="7" count="9" type="stmt"/>
      </file>
      <file name="popover.tsx" path="C:\Users\aggel\Desktop\Frontend_Developer_Technical_Assessmentder\swapi-app\src\components\ui\popover.tsx">
        <metrics statements="7" coveredstatements="4" conditionals="4" coveredconditionals="4" methods="6" coveredmethods="3"/>
        <line num="1" count="4" type="stmt"/>
        <line num="9" count="12" type="stmt"/>
        <line num="13" count="12" type="stmt"/>
        <line num="28" count="12" type="stmt"/>
        <line num="51" count="0" type="stmt"/>
        <line num="61" count="0" type="stmt"/>
        <line num="74" count="0" type="stmt"/>
      </file>
    </package>
    <package name="components.ui.custom">
      <metrics statements="20" coveredstatements="16" conditionals="17" coveredconditionals="15" methods="13" coveredmethods="10"/>
      <file name="BackButton.tsx" path="C:\Users\aggel\Desktop\Frontend_Developer_Technical_Assessmentder\swapi-app\src\components\ui\custom\BackButton.tsx">
        <metrics statements="1" coveredstatements="1" conditionals="0" coveredconditionals="0" methods="1" coveredmethods="1"/>
        <line num="10" count="2" type="stmt"/>
      </file>
      <file name="EmptyState.tsx" path="C:\Users\aggel\Desktop\Frontend_Developer_Technical_Assessmentder\swapi-app\src\components\ui\custom\EmptyState.tsx">
        <metrics statements="1" coveredstatements="1" conditionals="6" coveredconditionals="6" methods="1" coveredmethods="1"/>
        <line num="19" count="9" type="stmt"/>
      </file>
      <file name="ErrorStates.tsx" path="C:\Users\aggel\Desktop\Frontend_Developer_Technical_Assessmentder\swapi-app\src\components\ui\custom\ErrorStates.tsx">
        <metrics statements="4" coveredstatements="1" conditionals="2" coveredconditionals="0" methods="3" coveredmethods="1"/>
        <line num="7" count="1" type="stmt"/>
        <line num="15" count="0" type="stmt"/>
        <line num="16" count="0" type="stmt"/>
        <line num="35" count="0" type="stmt"/>
      </file>
      <file name="FavoriteButton.tsx" path="C:\Users\aggel\Desktop\Frontend_Developer_Technical_Assessmentder\swapi-app\src\components\ui\custom\FavoriteButton.tsx">
        <metrics statements="8" coveredstatements="8" conditionals="8" coveredconditionals="8" methods="2" coveredmethods="2"/>
        <line num="11" count="6" type="stmt"/>
        <line num="12" count="6" type="stmt"/>
        <line num="14" count="6" type="stmt"/>
        <line num="15" count="2" type="stmt"/>
        <line num="16" count="2" type="cond" truecount="2" falsecount="0"/>
        <line num="17" count="1" type="stmt"/>
        <line num="19" count="1" type="stmt"/>
        <line num="23" count="6" type="stmt"/>
      </file>
      <file name="Skeletons.tsx" path="C:\Users\aggel\Desktop\Frontend_Developer_Technical_Assessmentder\swapi-app\src\components\ui\custom\Skeletons.tsx">
        <metrics statements="6" coveredstatements="5" conditionals="1" coveredconditionals="1" methods="6" coveredmethods="5"/>
        <line num="5" count="1" type="stmt"/>
        <line num="13" count="10" type="stmt"/>
        <line num="19" count="1" type="stmt"/>
        <line num="31" count="1" type="stmt"/>
        <line num="36" count="10" type="stmt"/>
        <line num="45" count="0" type="stmt"/>
      </file>
    </package>
    <package name="constants">
      <metrics statements="4" coveredstatements="4" conditionals="9" coveredconditionals="6" methods="2" coveredmethods="2"/>
      <file name="character.ts" path="C:\Users\aggel\Desktop\Frontend_Developer_Technical_Assessmentder\swapi-app\src\constants\character.ts">
        <metrics statements="4" coveredstatements="4" conditionals="9" coveredconditionals="6" methods="2" coveredmethods="2"/>
        <line num="3" count="1" type="stmt"/>
        <line num="4" count="18" type="cond" truecount="4" falsecount="1"/>
        <line num="5" count="18" type="stmt"/>
        <line num="8" count="3" type="stmt"/>
      </file>
    </package>
    <package name="hooks">
      <metrics statements="82" coveredstatements="69" conditionals="37" coveredconditionals="28" methods="51" coveredmethods="42"/>
      <file name="use-api-store.ts" path="C:\Users\aggel\Desktop\Frontend_Developer_Technical_Assessmentder\swapi-app\src\hooks\use-api-store.ts">
        <metrics statements="5" coveredstatements="5" conditionals="0" coveredconditionals="0" methods="4" coveredmethods="4"/>
        <line num="12" count="3" type="stmt"/>
        <line num="14" count="3" type="stmt"/>
        <line num="17" count="5" type="stmt"/>
        <line num="18" count="6" type="stmt"/>
        <line num="19" count="14" type="stmt"/>
      </file>
      <file name="use-favorites.ts" path="C:\Users\aggel\Desktop\Frontend_Developer_Technical_Assessmentder\swapi-app\src\hooks\use-favorites.ts">
        <metrics statements="11" coveredstatements="11" conditionals="8" coveredconditionals="8" methods="8" coveredmethods="8"/>
        <line num="19" count="2" type="stmt"/>
        <line num="21" count="2" type="stmt"/>
        <line num="24" count="4" type="stmt"/>
        <line num="25" count="4" type="cond" truecount="2" falsecount="0"/>
        <line num="27" count="4" type="cond" truecount="2" falsecount="0"/>
        <line num="28" count="1" type="stmt"/>
        <line num="29" count="1" type="cond" truecount="2" falsecount="0"/>
        <line num="32" count="3" type="stmt"/>
        <line num="38" count="1" type="stmt"/>
        <line num="39" count="1" type="stmt"/>
        <line num="43" count="2" type="cond" truecount="2" falsecount="0"/>
      </file>
      <file name="use-grid-store.ts" path="C:\Users\aggel\Desktop\Frontend_Developer_Technical_Assessmentder\swapi-app\src\hooks\use-grid-store.ts">
        <metrics statements="7" coveredstatements="7" conditionals="0" coveredconditionals="0" methods="7" coveredmethods="7"/>
        <line num="19" count="2" type="stmt"/>
        <line num="25" count="2" type="stmt"/>
        <line num="27" count="2" type="stmt"/>
        <line num="31" count="2" type="stmt"/>
        <line num="33" count="2" type="stmt"/>
        <line num="34" count="6" type="stmt"/>
        <line num="35" count="6" type="stmt"/>
      </file>
      <file name="use-swapi.ts" path="C:\Users\aggel\Desktop\Frontend_Developer_Technical_Assessmentder\swapi-app\src\hooks\use-swapi.ts">
        <metrics statements="59" coveredstatements="46" conditionals="29" coveredconditionals="20" methods="32" coveredmethods="23"/>
        <line num="8" count="2" type="stmt"/>
        <line num="10" count="1" type="stmt"/>
        <line num="11" count="5" type="stmt"/>
        <line num="16" count="2" type="stmt"/>
        <line num="18" count="1" type="stmt"/>
        <line num="19" count="5" type="stmt"/>
        <line num="24" count="5" type="stmt"/>
        <line num="25" count="5" type="stmt"/>
        <line num="27" count="2" type="stmt"/>
        <line num="30" count="8" type="stmt"/>
        <line num="31" count="8" type="stmt"/>
        <line num="32" count="0" type="cond" truecount="0" falsecount="2"/>
        <line num="33" count="0" type="stmt"/>
        <line num="34" count="0" type="cond" truecount="0" falsecount="2"/>
        <line num="37" count="8" type="stmt"/>
        <line num="43" count="5" type="stmt"/>
        <line num="44" count="5" type="stmt"/>
        <line num="46" count="2" type="stmt"/>
        <line num="48" count="8" type="stmt"/>
        <line num="49" count="8" type="stmt"/>
        <line num="50" count="0" type="cond" truecount="0" falsecount="2"/>
        <line num="51" count="0" type="stmt"/>
        <line num="52" count="0" type="cond" truecount="0" falsecount="2"/>
        <line num="55" count="8" type="stmt"/>
        <line num="61" count="29" type="stmt"/>
        <line num="62" count="8" type="stmt"/>
        <line num="64" count="4" type="stmt"/>
        <line num="69" count="29" type="stmt"/>
        <line num="70" count="8" type="stmt"/>
        <line num="71" count="4" type="stmt"/>
        <line num="75" count="6" type="stmt"/>
        <line num="77" count="2" type="stmt"/>
        <line num="84" count="3" type="stmt"/>
        <line num="85" count="3" type="stmt"/>
        <line num="87" count="3" type="stmt"/>
        <line num="88" count="3" type="stmt"/>
        <line num="89" count="3" type="stmt"/>
        <line num="90" count="3" type="stmt"/>
        <line num="91" count="3" type="stmt"/>
        <line num="93" count="3" type="cond" truecount="6" falsecount="1"/>
        <line num="98" count="3" type="stmt"/>
        <line num="104" count="1" type="stmt"/>
        <line num="105" count="0" type="stmt"/>
        <line num="106" count="0" type="stmt"/>
        <line num="107" count="0" type="stmt"/>
        <line num="113" count="3" type="stmt"/>
        <line num="114" count="3" type="stmt"/>
        <line num="116" count="3" type="stmt"/>
        <line num="117" count="3" type="stmt"/>
        <line num="118" count="3" type="stmt"/>
        <line num="119" count="3" type="stmt"/>
        <line num="120" count="3" type="stmt"/>
        <line num="122" count="3" type="cond" truecount="3" falsecount="0"/>
        <line num="125" count="3" type="stmt"/>
        <line num="130" count="1" type="stmt"/>
        <line num="131" count="0" type="stmt"/>
        <line num="132" count="0" type="stmt"/>
        <line num="133" count="0" type="stmt"/>
        <line num="134" count="0" type="stmt"/>
      </file>
    </package>
    <package name="lib">
      <metrics statements="73" coveredstatements="66" conditionals="30" coveredconditionals="23" methods="12" coveredmethods="10"/>
      <file name="api.ts" path="C:\Users\aggel\Desktop\Frontend_Developer_Technical_Assessmentder\swapi-app\src\lib\api.ts">
        <metrics statements="65" coveredstatements="58" conditionals="24" coveredconditionals="17" methods="10" coveredmethods="8"/>
        <line num="7" count="2" type="stmt"/>
        <line num="13" count="2" type="stmt"/>
        <line num="15" count="2" type="stmt"/>
        <line num="16" count="0" type="stmt"/>
        <line num="29" count="2" type="stmt"/>
        <line num="30" count="10" type="cond" truecount="1" falsecount="1"/>
        <line num="31" count="10" type="cond" truecount="1" falsecount="1"/>
        <line num="35" count="0" type="stmt"/>
        <line num="36" count="0" type="stmt"/>
        <line num="37" count="0" type="stmt"/>
        <line num="39" count="0" type="stmt"/>
        <line num="41" count="0" type="stmt"/>
        <line num="48" count="2" type="stmt"/>
        <line num="49" count="10" type="stmt"/>
        <line num="50" count="10" type="stmt"/>
        <line num="51" count="10" type="stmt"/>
        <line num="52" count="10" type="stmt"/>
        <line num="55" count="10" type="cond" truecount="2" falsecount="0"/>
        <line num="56" count="9" type="stmt"/>
        <line num="57" count="9" type="stmt"/>
        <line num="58" count="7" type="cond" truecount="1" falsecount="1"/>
        <line num="59" count="7" type="stmt"/>
        <line num="61" count="2" type="stmt"/>
        <line num="62" count="2" type="stmt"/>
        <line num="63" count="2" type="stmt"/>
        <line num="65" count="2" type="stmt"/>
        <line num="74" count="3" type="stmt"/>
        <line num="75" count="3" type="stmt"/>
        <line num="78" count="2" type="stmt"/>
        <line num="80" count="2" type="cond" truecount="1" falsecount="1"/>
        <line num="81" count="2" type="stmt"/>
        <line num="82" count="2" type="stmt"/>
        <line num="87" count="2" type="stmt"/>
        <line num="90" count="2" type="stmt"/>
        <line num="92" count="1" type="stmt"/>
        <line num="94" count="1" type="stmt"/>
        <line num="100" count="1" type="stmt"/>
        <line num="113" count="7" type="stmt"/>
        <line num="114" count="7" type="stmt"/>
        <line num="117" count="7" type="stmt"/>
        <line num="122" count="6" type="stmt"/>
        <line num="123" count="6" type="stmt"/>
        <line num="128" count="6" type="stmt"/>
        <line num="130" count="6" type="cond" truecount="2" falsecount="0"/>
        <line num="131" count="5" type="stmt"/>
        <line num="134" count="1" type="stmt"/>
        <line num="135" count="1" type="stmt"/>
        <line num="137" count="1" type="stmt"/>
        <line num="138" count="1" type="stmt"/>
        <line num="140" count="1" type="cond" truecount="1" falsecount="1"/>
        <line num="141" count="1" type="stmt"/>
        <line num="147" count="1" type="cond" truecount="1" falsecount="1"/>
        <line num="148" count="1" type="stmt"/>
        <line num="149" count="1" type="stmt"/>
        <line num="152" count="1" type="stmt"/>
        <line num="160" count="2" type="stmt"/>
        <line num="165" count="6" type="stmt"/>
        <line num="168" count="2" type="stmt"/>
        <line num="173" count="1" type="stmt"/>
        <line num="176" count="2" type="stmt"/>
        <line num="177" count="1" type="stmt"/>
        <line num="180" count="2" type="stmt"/>
        <line num="181" count="1" type="stmt"/>
        <line num="184" count="2" type="stmt"/>
        <line num="185" count="0" type="stmt"/>
      </file>
      <file name="utils.ts" path="C:\Users\aggel\Desktop\Frontend_Developer_Technical_Assessmentder\swapi-app\src\lib\utils.ts">
        <metrics statements="8" coveredstatements="8" conditionals="6" coveredconditionals="6" methods="2" coveredmethods="2"/>
        <line num="5" count="147" type="stmt"/>
        <line num="9" count="28" type="cond" truecount="2" falsecount="0"/>
        <line num="10" count="25" type="cond" truecount="2" falsecount="0"/>
        <line num="11" count="28" type="cond" truecount="2" falsecount="0"/>
        <line num="13" count="24" type="stmt"/>
        <line num="14" count="24" type="stmt"/>
        <line num="15" count="24" type="stmt"/>
        <line num="17" count="24" type="stmt"/>
      </file>
    </package>
    <package name="pages">
      <metrics statements="39" coveredstatements="36" conditionals="30" coveredconditionals="26" methods="14" coveredmethods="11"/>
      <file name="CharacterDetailPage.tsx" path="C:\Users\aggel\Desktop\Frontend_Developer_Technical_Assessmentder\swapi-app\src\pages\CharacterDetailPage.tsx">
        <metrics statements="7" coveredstatements="7" conditionals="8" coveredconditionals="7" methods="1" coveredmethods="1"/>
        <line num="10" count="3" type="stmt"/>
        <line num="11" count="3" type="stmt"/>
        <line num="13" count="3" type="cond" truecount="2" falsecount="0"/>
        <line num="14" count="1" type="stmt"/>
        <line num="21" count="2" type="cond" truecount="4" falsecount="0"/>
        <line num="22" count="1" type="stmt"/>
        <line num="29" count="1" type="stmt"/>
      </file>
      <file name="FavoritesPage.tsx" path="C:\Users\aggel\Desktop\Frontend_Developer_Technical_Assessmentder\swapi-app\src\pages\FavoritesPage.tsx">
        <metrics statements="14" coveredstatements="13" conditionals="12" coveredconditionals="9" methods="8" coveredmethods="7"/>
        <line num="10" count="5" type="stmt"/>
        <line num="11" count="5" type="stmt"/>
        <line num="13" count="5" type="stmt"/>
        <line num="14" count="1" type="stmt"/>
        <line num="15" count="1" type="stmt"/>
        <line num="18" count="5" type="stmt"/>
        <line num="19" count="8" type="cond" truecount="2" falsecount="0"/>
        <line num="22" count="5" type="stmt"/>
        <line num="28" count="5" type="stmt"/>
        <line num="45" count="15" type="stmt"/>
        <line num="47" count="1" type="stmt"/>
        <line num="83" count="0" type="stmt"/>
        <line num="93" count="7" type="stmt"/>
        <line num="113" count="1" type="stmt"/>
      </file>
      <file name="FilmDetailPage.tsx" path="C:\Users\aggel\Desktop\Frontend_Developer_Technical_Assessmentder\swapi-app\src\pages\FilmDetailPage.tsx">
        <metrics statements="7" coveredstatements="7" conditionals="6" coveredconditionals="6" methods="1" coveredmethods="1"/>
        <line num="10" count="3" type="stmt"/>
        <line num="11" count="3" type="stmt"/>
        <line num="13" count="3" type="cond" truecount="2" falsecount="0"/>
        <line num="14" count="1" type="stmt"/>
        <line num="21" count="2" type="cond" truecount="4" falsecount="0"/>
        <line num="22" count="1" type="stmt"/>
        <line num="29" count="1" type="stmt"/>
      </file>
      <file name="PeoplePage.tsx" path="C:\Users\aggel\Desktop\Frontend_Developer_Technical_Assessmentder\swapi-app\src\pages\PeoplePage.tsx">
        <metrics statements="11" coveredstatements="9" conditionals="4" coveredconditionals="4" methods="4" coveredmethods="2"/>
        <line num="8" count="5" type="stmt"/>
        <line num="9" count="5" type="stmt"/>
        <line num="11" count="5" type="stmt"/>
        <line num="13" count="5" type="stmt"/>
        <line num="19" count="5" type="stmt"/>
        <line num="20" count="0" type="stmt"/>
        <line num="23" count="5" type="stmt"/>
        <line num="24" count="1" type="stmt"/>
        <line num="27" count="5" type="stmt"/>
        <line num="28" count="0" type="stmt"/>
        <line num="31" count="5" type="stmt"/>
      </file>
    </package>
  </project>
</coverage>
