{"C:\\Users\\aggel\\Desktop\\Frontend_Developer_Technical_Assessmentder\\swapi-app\\src\\components\\films\\FilmCard.tsx": {"path":"C:\\Users\\aggel\\Desktop\\Frontend_Developer_Technical_Assessmentder\\swapi-app\\src\\components\\films\\FilmCard.tsx","statementMap":{"0":{"start":{"line":5,"column":6},"end":{"line":5,"column":70}},"1":{"start":{"line":5,"column":29},"end":{"line":5,"column":70}},"2":{"start":{"line":8,"column":13},"end":{"line":8,"column":23}},"3":{"start":{"line":9,"column":2},"end":{"line":20,"column":null}}},"fnMap":{"0":{"name":"(anonymous_0)","decl":{"start":{"line":5,"column":6},"end":{"line":5,"column":14}},"loc":{"start":{"line":5,"column":29},"end":{"line":5,"column":70}},"line":5},"1":{"name":"FilmCard","decl":{"start":{"line":7,"column":16},"end":{"line":7,"column":25}},"loc":{"start":{"line":7,"column":51},"end":{"line":20,"column":null}},"line":7}},"branchMap":{},"s":{"0":2,"1":6,"2":6,"3":6},"f":{"0":6,"1":6},"b":{},"meta":{"lastBranch":0,"lastFunction":2,"lastStatement":4,"seen":{"s:5:6:5:70":0,"f:5:6:5:14":0,"s:5:29:5:70":1,"f:7:16:7:25":1,"s:8:13:8:23":2,"s:9:2:20:Infinity":3}}}
,"C:\\Users\\aggel\\Desktop\\Frontend_Developer_Technical_Assessmentder\\swapi-app\\src\\components\\films\\FilmColumns.tsx": {"path":"C:\\Users\\aggel\\Desktop\\Frontend_Developer_Technical_Assessmentder\\swapi-app\\src\\components\\films\\FilmColumns.tsx","statementMap":{"0":{"start":{"line":20,"column":46},"end":{"line":42,"column":null}},"1":{"start":{"line":24,"column":23},"end":{"line":24,"column":null}}},"fnMap":{"0":{"name":"(anonymous_0)","decl":{"start":{"line":24,"column":4},"end":{"line":24,"column":11}},"loc":{"start":{"line":24,"column":23},"end":{"line":24,"column":null}},"line":24}},"branchMap":{},"s":{"0":1,"1":0},"f":{"0":0},"b":{},"meta":{"lastBranch":0,"lastFunction":1,"lastStatement":2,"seen":{"s:20:46:42:Infinity":0,"f:24:4:24:11":0,"s:24:23:24:Infinity":1}}}
,"C:\\Users\\aggel\\Desktop\\Frontend_Developer_Technical_Assessmentder\\swapi-app\\src\\components\\films\\FilmDetail.tsx": {"path":"C:\\Users\\aggel\\Desktop\\Frontend_Developer_Technical_Assessmentder\\swapi-app\\src\\components\\films\\FilmDetail.tsx","statementMap":{"0":{"start":{"line":15,"column":2},"end":{"line":88,"column":null}},"1":{"start":{"line":103,"column":2},"end":{"line":119,"column":null}},"2":{"start":{"line":111,"column":12},"end":{"line":116,"column":null}}},"fnMap":{"0":{"name":"FilmDetail","decl":{"start":{"line":14,"column":16},"end":{"line":14,"column":27}},"loc":{"start":{"line":14,"column":44},"end":{"line":88,"column":null}},"line":14},"1":{"name":"ResourceSection","decl":{"start":{"line":94,"column":9},"end":{"line":94,"column":25}},"loc":{"start":{"line":102,"column":3},"end":{"line":119,"column":null}},"line":102},"2":{"name":"(anonymous_2)","decl":{"start":{"line":110,"column":16},"end":{"line":110,"column":21}},"loc":{"start":{"line":111,"column":12},"end":{"line":116,"column":null}},"line":111}},"branchMap":{"0":{"loc":{"start":{"line":109,"column":9},"end":{"line":118,"column":null}},"type":"cond-expr","locations":[{"start":{"line":110,"column":10},"end":{"line":116,"column":null}},{"start":{"line":118,"column":12},"end":{"line":118,"column":null}}],"line":109}},"s":{"0":2,"1":10,"2":6},"f":{"0":2,"1":10,"2":6},"b":{"0":[4,6]},"meta":{"lastBranch":1,"lastFunction":3,"lastStatement":3,"seen":{"f:14:16:14:27":0,"s:15:2:88:Infinity":0,"f:94:9:94:25":1,"s:103:2:119:Infinity":1,"b:110:10:116:Infinity:118:12:118:Infinity":0,"f:110:16:110:21":2,"s:111:12:116:Infinity":2}}}
,"C:\\Users\\aggel\\Desktop\\Frontend_Developer_Technical_Assessmentder\\swapi-app\\src\\components\\films\\FilmGrid.tsx": {"path":"C:\\Users\\aggel\\Desktop\\Frontend_Developer_Technical_Assessmentder\\swapi-app\\src\\components\\films\\FilmGrid.tsx","statementMap":{"0":{"start":{"line":38,"column":8},"end":{"line":63,"column":4}},"1":{"start":{"line":49,"column":24},"end":{"line":51,"column":null}},"2":{"start":{"line":53,"column":6},"end":{"line":54,"column":null}},"3":{"start":{"line":54,"column":8},"end":{"line":54,"column":null}},"4":{"start":{"line":56,"column":6},"end":{"line":57,"column":null}},"5":{"start":{"line":57,"column":8},"end":{"line":57,"column":null}},"6":{"start":{"line":65,"column":2},"end":{"line":90,"column":null}},"7":{"start":{"line":78,"column":12},"end":{"line":78,"column":null}}},"fnMap":{"0":{"name":"FilmGrid","decl":{"start":{"line":27,"column":16},"end":{"line":27,"column":25}},"loc":{"start":{"line":37,"column":19},"end":{"line":90,"column":null}},"line":37},"1":{"name":"(anonymous_1)","decl":{"start":{"line":48,"column":4},"end":{"line":48,"column":25}},"loc":{"start":{"line":48,"column":37},"end":{"line":57,"column":null}},"line":48},"2":{"name":"(anonymous_2)","decl":{"start":{"line":77,"column":35},"end":{"line":77,"column":40}},"loc":{"start":{"line":78,"column":12},"end":{"line":78,"column":null}},"line":78}},"branchMap":{"0":{"loc":{"start":{"line":49,"column":24},"end":{"line":51,"column":null}},"type":"cond-expr","locations":[{"start":{"line":50,"column":10},"end":{"line":50,"column":62}},{"start":{"line":51,"column":10},"end":{"line":51,"column":null}}],"line":49},"1":{"loc":{"start":{"line":53,"column":6},"end":{"line":54,"column":null}},"type":"if","locations":[{"start":{"line":53,"column":6},"end":{"line":54,"column":null}},{"start":{},"end":{}}],"line":53},"2":{"loc":{"start":{"line":56,"column":6},"end":{"line":57,"column":null}},"type":"if","locations":[{"start":{"line":56,"column":6},"end":{"line":57,"column":null}},{"start":{},"end":{}}],"line":56},"3":{"loc":{"start":{"line":68,"column":6},"end":{"line":68,"column":null}},"type":"binary-expr","locations":[{"start":{"line":68,"column":6},"end":{"line":68,"column":19}},{"start":{"line":68,"column":19},"end":{"line":68,"column":null}}],"line":68},"4":{"loc":{"start":{"line":76,"column":9},"end":{"line":86,"column":null}},"type":"cond-expr","locations":[{"start":{"line":77,"column":10},"end":{"line":78,"column":null}},{"start":{"line":81,"column":10},"end":{"line":86,"column":null}}],"line":76}},"s":{"0":3,"1":0,"2":0,"3":0,"4":0,"5":0,"6":3,"7":4},"f":{"0":3,"1":0,"2":4},"b":{"0":[0,0],"1":[0,0],"2":[0,0],"3":[3,1],"4":[2,1]},"meta":{"lastBranch":5,"lastFunction":3,"lastStatement":8,"seen":{"f:27:16:27:25":0,"s:38:8:63:4":0,"f:48:4:48:25":1,"s:49:24:51:Infinity":1,"b:50:10:50:62:51:10:51:Infinity":0,"b:53:6:54:Infinity:undefined:undefined:undefined:undefined":1,"s:53:6:54:Infinity":2,"s:54:8:54:Infinity":3,"b:56:6:57:Infinity:undefined:undefined:undefined:undefined":2,"s:56:6:57:Infinity":4,"s:57:8:57:Infinity":5,"s:65:2:90:Infinity":6,"b:68:6:68:19:68:19:68:Infinity":3,"b:77:10:78:Infinity:81:10:86:Infinity":4,"f:77:35:77:40":2,"s:78:12:78:Infinity":7}}}
,"C:\\Users\\aggel\\Desktop\\Frontend_Developer_Technical_Assessmentder\\swapi-app\\src\\components\\films\\FilmToolbar.tsx": {"path":"C:\\Users\\aggel\\Desktop\\Frontend_Developer_Technical_Assessmentder\\swapi-app\\src\\components\\films\\FilmToolbar.tsx","statementMap":{"0":{"start":{"line":15,"column":2},"end":{"line":31,"column":null}},"1":{"start":{"line":22,"column":12},"end":{"line":22,"column":null}},"2":{"start":{"line":28,"column":25},"end":{"line":28,"column":null}}},"fnMap":{"0":{"name":"FilmToolbar","decl":{"start":{"line":10,"column":16},"end":{"line":10,"column":28}},"loc":{"start":{"line":14,"column":21},"end":{"line":31,"column":null}},"line":14},"1":{"name":"(anonymous_1)","decl":{"start":{"line":21,"column":10},"end":{"line":21,"column":21}},"loc":{"start":{"line":21,"column":31},"end":{"line":22,"column":null}},"line":21},"2":{"name":"(anonymous_2)","decl":{"start":{"line":28,"column":10},"end":{"line":28,"column":25}},"loc":{"start":{"line":28,"column":25},"end":{"line":28,"column":null}},"line":28}},"branchMap":{"0":{"loc":{"start":{"line":11,"column":2},"end":{"line":11,"column":null}},"type":"default-arg","locations":[{"start":{"line":11,"column":22},"end":{"line":11,"column":null}}],"line":11}},"s":{"0":3,"1":0,"2":0},"f":{"0":3,"1":0,"2":0},"b":{"0":[3]},"meta":{"lastBranch":1,"lastFunction":3,"lastStatement":3,"seen":{"f:10:16:10:28":0,"b:11:22:11:Infinity":0,"s:15:2:31:Infinity":0,"f:21:10:21:21":1,"s:22:12:22:Infinity":1,"f:28:10:28:25":2,"s:28:25:28:Infinity":2}}}
,"C:\\Users\\aggel\\Desktop\\Frontend_Developer_Technical_Assessmentder\\swapi-app\\src\\components\\grid\\DataTablePagination.tsx": {"path":"C:\\Users\\aggel\\Desktop\\Frontend_Developer_Technical_Assessmentder\\swapi-app\\src\\components\\grid\\DataTablePagination.tsx","statementMap":{"0":{"start":{"line":1,"column":0},"end":{"line":1,"column":null}},"1":{"start":{"line":28,"column":34},"end":{"line":28,"column":null}},"2":{"start":{"line":29,"column":29},"end":{"line":29,"column":null}},"3":{"start":{"line":37,"column":8},"end":{"line":52,"column":null}},"4":{"start":{"line":38,"column":4},"end":{"line":38,"column":null}},"5":{"start":{"line":39,"column":4},"end":{"line":52,"column":null}},"6":{"start":{"line":40,"column":27},"end":{"line":40,"column":null}},"7":{"start":{"line":41,"column":6},"end":{"line":52,"column":null}},"8":{"start":{"line":42,"column":27},"end":{"line":42,"column":null}},"9":{"start":{"line":43,"column":31},"end":{"line":43,"column":null}},"10":{"start":{"line":44,"column":8},"end":{"line":47,"column":null}},"11":{"start":{"line":48,"column":17},"end":{"line":52,"column":null}},"12":{"start":{"line":49,"column":8},"end":{"line":52,"column":null}},"13":{"start":{"line":57,"column":22},"end":{"line":57,"column":null}},"14":{"start":{"line":58,"column":19},"end":{"line":58,"column":null}},"15":{"start":{"line":59,"column":20},"end":{"line":59,"column":40}},"16":{"start":{"line":61,"column":2},"end":{"line":131,"column":null}},"17":{"start":{"line":80,"column":16},"end":{"line":90,"column":null}},"18":{"start":{"line":82,"column":33},"end":{"line":82,"column":56}},"19":{"start":{"line":106,"column":25},"end":{"line":106,"column":36}},"20":{"start":{"line":113,"column":25},"end":{"line":113,"column":50}},"21":{"start":{"line":120,"column":25},"end":{"line":120,"column":50}},"22":{"start":{"line":127,"column":25},"end":{"line":127,"column":44}}},"fnMap":{"0":{"name":"DataTablePagination","decl":{"start":{"line":31,"column":16},"end":{"line":31,"column":43}},"loc":{"start":{"line":36,"column":36},"end":{"line":131,"column":null}},"line":36},"1":{"name":"(anonymous_1)","decl":{"start":{"line":37,"column":8},"end":{"line":37,"column":20}},"loc":{"start":{"line":37,"column":37},"end":{"line":52,"column":null}},"line":37},"2":{"name":"(anonymous_2)","decl":{"start":{"line":79,"column":31},"end":{"line":79,"column":36}},"loc":{"start":{"line":80,"column":16},"end":{"line":90,"column":null}},"line":80},"3":{"name":"(anonymous_3)","decl":{"start":{"line":82,"column":18},"end":{"line":82,"column":33}},"loc":{"start":{"line":82,"column":33},"end":{"line":82,"column":56}},"line":82},"4":{"name":"(anonymous_4)","decl":{"start":{"line":106,"column":10},"end":{"line":106,"column":25}},"loc":{"start":{"line":106,"column":25},"end":{"line":106,"column":36}},"line":106},"5":{"name":"(anonymous_5)","decl":{"start":{"line":113,"column":10},"end":{"line":113,"column":25}},"loc":{"start":{"line":113,"column":25},"end":{"line":113,"column":50}},"line":113},"6":{"name":"(anonymous_6)","decl":{"start":{"line":120,"column":10},"end":{"line":120,"column":25}},"loc":{"start":{"line":120,"column":25},"end":{"line":120,"column":50}},"line":120},"7":{"name":"(anonymous_7)","decl":{"start":{"line":127,"column":10},"end":{"line":127,"column":25}},"loc":{"start":{"line":127,"column":25},"end":{"line":127,"column":44}},"line":127}},"branchMap":{"0":{"loc":{"start":{"line":33,"column":2},"end":{"line":33,"column":null}},"type":"default-arg","locations":[{"start":{"line":33,"column":20},"end":{"line":33,"column":null}}],"line":33},"1":{"loc":{"start":{"line":39,"column":4},"end":{"line":52,"column":null}},"type":"if","locations":[{"start":{"line":39,"column":4},"end":{"line":52,"column":null}},{"start":{},"end":{}}],"line":39},"2":{"loc":{"start":{"line":41,"column":6},"end":{"line":52,"column":null}},"type":"if","locations":[{"start":{"line":41,"column":6},"end":{"line":52,"column":null}},{"start":{"line":48,"column":17},"end":{"line":52,"column":null}}],"line":41},"3":{"loc":{"start":{"line":48,"column":17},"end":{"line":52,"column":null}},"type":"if","locations":[{"start":{"line":48,"column":17},"end":{"line":52,"column":null}},{"start":{},"end":{}}],"line":48},"4":{"loc":{"start":{"line":85,"column":20},"end":{"line":85,"column":null}},"type":"binary-expr","locations":[{"start":{"line":85,"column":20},"end":{"line":85,"column":41}},{"start":{"line":85,"column":41},"end":{"line":85,"column":null}}],"line":85},"5":{"loc":{"start":{"line":89,"column":19},"end":{"line":89,"column":null}},"type":"binary-expr","locations":[{"start":{"line":89,"column":19},"end":{"line":89,"column":40}},{"start":{"line":89,"column":40},"end":{"line":89,"column":null}}],"line":89}},"s":{"0":4,"1":4,"2":4,"3":12,"4":1,"5":1,"6":1,"7":1,"8":0,"9":0,"10":0,"11":1,"12":0,"13":12,"14":12,"15":12,"16":12,"17":60,"18":0,"19":0,"20":0,"21":1,"22":0},"f":{"0":12,"1":1,"2":60,"3":0,"4":0,"5":0,"6":1,"7":0},"b":{"0":[12],"1":[1,0],"2":[0,1],"3":[0,1],"4":[60,12],"5":[60,12]},"meta":{"lastBranch":6,"lastFunction":8,"lastStatement":23,"seen":{"s:1:0:1:Infinity":0,"s:28:34:28:Infinity":1,"s:29:29:29:Infinity":2,"f:31:16:31:43":0,"b:33:20:33:Infinity":0,"s:37:8:52:Infinity":3,"f:37:8:37:20":1,"s:38:4:38:Infinity":4,"b:39:4:52:Infinity:undefined:undefined:undefined:undefined":1,"s:39:4:52:Infinity":5,"s:40:27:40:Infinity":6,"b:41:6:52:Infinity:48:17:52:Infinity":2,"s:41:6:52:Infinity":7,"s:42:27:42:Infinity":8,"s:43:31:43:Infinity":9,"s:44:8:47:Infinity":10,"b:48:17:52:Infinity:undefined:undefined:undefined:undefined":3,"s:48:17:52:Infinity":11,"s:49:8:52:Infinity":12,"s:57:22:57:Infinity":13,"s:58:19:58:Infinity":14,"s:59:20:59:40":15,"s:61:2:131:Infinity":16,"f:79:31:79:36":2,"s:80:16:90:Infinity":17,"f:82:18:82:33":3,"s:82:33:82:56":18,"b:85:20:85:41:85:41:85:Infinity":4,"b:89:19:89:40:89:40:89:Infinity":5,"f:106:10:106:25":4,"s:106:25:106:36":19,"f:113:10:113:25":5,"s:113:25:113:50":20,"f:120:10:120:25":6,"s:120:25:120:50":21,"f:127:10:127:25":7,"s:127:25:127:44":22}}}
,"C:\\Users\\aggel\\Desktop\\Frontend_Developer_Technical_Assessmentder\\swapi-app\\src\\components\\grid\\DataTableResetFilter.tsx": {"path":"C:\\Users\\aggel\\Desktop\\Frontend_Developer_Technical_Assessmentder\\swapi-app\\src\\components\\grid\\DataTableResetFilter.tsx","statementMap":{"0":{"start":{"line":15,"column":2},"end":{"line":15,"column":null}},"1":{"start":{"line":15,"column":19},"end":{"line":15,"column":null}},"2":{"start":{"line":17,"column":2},"end":{"line":25,"column":null}}},"fnMap":{"0":{"name":"DataTableResetFilter","decl":{"start":{"line":10,"column":16},"end":{"line":10,"column":37}},"loc":{"start":{"line":14,"column":30},"end":{"line":25,"column":null}},"line":14}},"branchMap":{"0":{"loc":{"start":{"line":15,"column":2},"end":{"line":15,"column":null}},"type":"if","locations":[{"start":{"line":15,"column":2},"end":{"line":15,"column":null}},{"start":{},"end":{}}],"line":15}},"s":{"0":12,"1":8,"2":4},"f":{"0":12},"b":{"0":[8,4]},"meta":{"lastBranch":1,"lastFunction":1,"lastStatement":3,"seen":{"f:10:16:10:37":0,"b:15:2:15:Infinity:undefined:undefined:undefined:undefined":0,"s:15:2:15:Infinity":0,"s:15:19:15:Infinity":1,"s:17:2:25:Infinity":2}}}
,"C:\\Users\\aggel\\Desktop\\Frontend_Developer_Technical_Assessmentder\\swapi-app\\src\\components\\layout\\ListPageContainer.tsx": {"path":"C:\\Users\\aggel\\Desktop\\Frontend_Developer_Technical_Assessmentder\\swapi-app\\src\\components\\layout\\ListPageContainer.tsx","statementMap":{"0":{"start":{"line":22,"column":2},"end":{"line":40,"column":null}}},"fnMap":{"0":{"name":"ListPageContainer","decl":{"start":{"line":14,"column":16},"end":{"line":14,"column":34}},"loc":{"start":{"line":21,"column":27},"end":{"line":40,"column":null}},"line":21}},"branchMap":{"0":{"loc":{"start":{"line":31,"column":11},"end":{"line":36,"column":null}},"type":"cond-expr","locations":[{"start":{"line":32,"column":12},"end":{"line":33,"column":null}},{"start":{"line":33,"column":14},"end":{"line":36,"column":null}}],"line":31},"1":{"loc":{"start":{"line":33,"column":14},"end":{"line":36,"column":null}},"type":"cond-expr","locations":[{"start":{"line":34,"column":12},"end":{"line":36,"column":null}},{"start":{"line":36,"column":12},"end":{"line":36,"column":null}}],"line":33}},"s":{"0":9},"f":{"0":9},"b":{"0":[2,7],"1":[3,4]},"meta":{"lastBranch":2,"lastFunction":1,"lastStatement":1,"seen":{"f:14:16:14:34":0,"s:22:2:40:Infinity":0,"b:32:12:33:Infinity:33:14:36:Infinity":0,"b:34:12:36:Infinity:36:12:36:Infinity":1}}}
,"C:\\Users\\aggel\\Desktop\\Frontend_Developer_Technical_Assessmentder\\swapi-app\\src\\components\\people\\PeopleColumns.tsx": {"path":"C:\\Users\\aggel\\Desktop\\Frontend_Developer_Technical_Assessmentder\\swapi-app\\src\\components\\people\\PeopleColumns.tsx","statementMap":{"0":{"start":{"line":22,"column":50},"end":{"line":57,"column":null}},"1":{"start":{"line":26,"column":23},"end":{"line":26,"column":null}},"2":{"start":{"line":32,"column":6},"end":{"line":34,"column":null}},"3":{"start":{"line":55,"column":25},"end":{"line":55,"column":null}}},"fnMap":{"0":{"name":"(anonymous_0)","decl":{"start":{"line":26,"column":4},"end":{"line":26,"column":11}},"loc":{"start":{"line":26,"column":23},"end":{"line":26,"column":null}},"line":26},"1":{"name":"(anonymous_1)","decl":{"start":{"line":31,"column":4},"end":{"line":31,"column":17}},"loc":{"start":{"line":32,"column":6},"end":{"line":34,"column":null}},"line":32},"2":{"name":"(anonymous_2)","decl":{"start":{"line":55,"column":4},"end":{"line":55,"column":17}},"loc":{"start":{"line":55,"column":25},"end":{"line":55,"column":null}},"line":55}},"branchMap":{"0":{"loc":{"start":{"line":32,"column":6},"end":{"line":34,"column":null}},"type":"cond-expr","locations":[{"start":{"line":33,"column":10},"end":{"line":33,"column":null}},{"start":{"line":34,"column":10},"end":{"line":34,"column":null}}],"line":32}},"s":{"0":2,"1":0,"2":0,"3":0},"f":{"0":0,"1":0,"2":0},"b":{"0":[0,0]},"meta":{"lastBranch":1,"lastFunction":3,"lastStatement":4,"seen":{"s:22:50:57:Infinity":0,"f:26:4:26:11":0,"s:26:23:26:Infinity":1,"f:31:4:31:17":1,"s:32:6:34:Infinity":2,"b:33:10:33:Infinity:34:10:34:Infinity":0,"f:55:4:55:17":2,"s:55:25:55:Infinity":3}}}
,"C:\\Users\\aggel\\Desktop\\Frontend_Developer_Technical_Assessmentder\\swapi-app\\src\\components\\people\\PeopleGrid.tsx": {"path":"C:\\Users\\aggel\\Desktop\\Frontend_Developer_Technical_Assessmentder\\swapi-app\\src\\components\\people\\PeopleGrid.tsx","statementMap":{"0":{"start":{"line":38,"column":8},"end":{"line":63,"column":4}},"1":{"start":{"line":49,"column":24},"end":{"line":51,"column":null}},"2":{"start":{"line":53,"column":6},"end":{"line":54,"column":null}},"3":{"start":{"line":54,"column":8},"end":{"line":54,"column":null}},"4":{"start":{"line":56,"column":6},"end":{"line":57,"column":null}},"5":{"start":{"line":57,"column":8},"end":{"line":57,"column":null}},"6":{"start":{"line":65,"column":2},"end":{"line":90,"column":null}},"7":{"start":{"line":78,"column":12},"end":{"line":78,"column":null}}},"fnMap":{"0":{"name":"PeopleGrid","decl":{"start":{"line":27,"column":16},"end":{"line":27,"column":27}},"loc":{"start":{"line":37,"column":20},"end":{"line":90,"column":null}},"line":37},"1":{"name":"(anonymous_1)","decl":{"start":{"line":48,"column":4},"end":{"line":48,"column":25}},"loc":{"start":{"line":48,"column":37},"end":{"line":57,"column":null}},"line":48},"2":{"name":"(anonymous_2)","decl":{"start":{"line":77,"column":35},"end":{"line":77,"column":40}},"loc":{"start":{"line":78,"column":12},"end":{"line":78,"column":null}},"line":78}},"branchMap":{"0":{"loc":{"start":{"line":49,"column":24},"end":{"line":51,"column":null}},"type":"cond-expr","locations":[{"start":{"line":50,"column":10},"end":{"line":50,"column":62}},{"start":{"line":51,"column":10},"end":{"line":51,"column":null}}],"line":49},"1":{"loc":{"start":{"line":53,"column":6},"end":{"line":54,"column":null}},"type":"if","locations":[{"start":{"line":53,"column":6},"end":{"line":54,"column":null}},{"start":{},"end":{}}],"line":53},"2":{"loc":{"start":{"line":56,"column":6},"end":{"line":57,"column":null}},"type":"if","locations":[{"start":{"line":56,"column":6},"end":{"line":57,"column":null}},{"start":{},"end":{}}],"line":56},"3":{"loc":{"start":{"line":68,"column":6},"end":{"line":68,"column":null}},"type":"binary-expr","locations":[{"start":{"line":68,"column":6},"end":{"line":68,"column":19}},{"start":{"line":68,"column":19},"end":{"line":68,"column":null}}],"line":68},"4":{"loc":{"start":{"line":76,"column":9},"end":{"line":86,"column":null}},"type":"cond-expr","locations":[{"start":{"line":77,"column":10},"end":{"line":78,"column":null}},{"start":{"line":81,"column":10},"end":{"line":86,"column":null}}],"line":76}},"s":{"0":6,"1":0,"2":0,"3":0,"4":0,"5":0,"6":6,"7":5},"f":{"0":6,"1":0,"2":5},"b":{"0":[0,0],"1":[0,0],"2":[0,0],"3":[6,1],"4":[3,3]},"meta":{"lastBranch":5,"lastFunction":3,"lastStatement":8,"seen":{"f:27:16:27:27":0,"s:38:8:63:4":0,"f:48:4:48:25":1,"s:49:24:51:Infinity":1,"b:50:10:50:62:51:10:51:Infinity":0,"b:53:6:54:Infinity:undefined:undefined:undefined:undefined":1,"s:53:6:54:Infinity":2,"s:54:8:54:Infinity":3,"b:56:6:57:Infinity:undefined:undefined:undefined:undefined":2,"s:56:6:57:Infinity":4,"s:57:8:57:Infinity":5,"s:65:2:90:Infinity":6,"b:68:6:68:19:68:19:68:Infinity":3,"b:77:10:78:Infinity:81:10:86:Infinity":4,"f:77:35:77:40":2,"s:78:12:78:Infinity":7}}}
,"C:\\Users\\aggel\\Desktop\\Frontend_Developer_Technical_Assessmentder\\swapi-app\\src\\components\\people\\PeopleToolbar.tsx": {"path":"C:\\Users\\aggel\\Desktop\\Frontend_Developer_Technical_Assessmentder\\swapi-app\\src\\components\\people\\PeopleToolbar.tsx","statementMap":{"0":{"start":{"line":15,"column":2},"end":{"line":31,"column":null}},"1":{"start":{"line":22,"column":12},"end":{"line":22,"column":null}},"2":{"start":{"line":28,"column":25},"end":{"line":28,"column":null}}},"fnMap":{"0":{"name":"PeopleToolbar","decl":{"start":{"line":10,"column":16},"end":{"line":10,"column":30}},"loc":{"start":{"line":14,"column":23},"end":{"line":31,"column":null}},"line":14},"1":{"name":"(anonymous_1)","decl":{"start":{"line":21,"column":10},"end":{"line":21,"column":21}},"loc":{"start":{"line":21,"column":31},"end":{"line":22,"column":null}},"line":21},"2":{"name":"(anonymous_2)","decl":{"start":{"line":28,"column":10},"end":{"line":28,"column":25}},"loc":{"start":{"line":28,"column":25},"end":{"line":28,"column":null}},"line":28}},"branchMap":{"0":{"loc":{"start":{"line":11,"column":2},"end":{"line":11,"column":null}},"type":"default-arg","locations":[{"start":{"line":11,"column":22},"end":{"line":11,"column":null}}],"line":11}},"s":{"0":6,"1":0,"2":1},"f":{"0":6,"1":0,"2":1},"b":{"0":[6]},"meta":{"lastBranch":1,"lastFunction":3,"lastStatement":3,"seen":{"f:10:16:10:30":0,"b:11:22:11:Infinity":0,"s:15:2:31:Infinity":0,"f:21:10:21:21":1,"s:22:12:22:Infinity":1,"f:28:10:28:25":2,"s:28:25:28:Infinity":2}}}
,"C:\\Users\\aggel\\Desktop\\Frontend_Developer_Technical_Assessmentder\\swapi-app\\src\\components\\people\\PersonCard.tsx": {"path":"C:\\Users\\aggel\\Desktop\\Frontend_Developer_Technical_Assessmentder\\swapi-app\\src\\components\\people\\PersonCard.tsx","statementMap":{"0":{"start":{"line":4,"column":6},"end":{"line":4,"column":76}},"1":{"start":{"line":4,"column":33},"end":{"line":4,"column":76}},"2":{"start":{"line":5,"column":6},"end":{"line":7,"column":null}},"3":{"start":{"line":6,"column":2},"end":{"line":6,"column":null}},"4":{"start":{"line":6,"column":39},"end":{"line":6,"column":null}},"5":{"start":{"line":7,"column":2},"end":{"line":7,"column":null}},"6":{"start":{"line":11,"column":13},"end":{"line":11,"column":25}},"7":{"start":{"line":12,"column":2},"end":{"line":29,"column":null}}},"fnMap":{"0":{"name":"(anonymous_0)","decl":{"start":{"line":4,"column":6},"end":{"line":4,"column":14}},"loc":{"start":{"line":4,"column":33},"end":{"line":4,"column":76}},"line":4},"1":{"name":"(anonymous_1)","decl":{"start":{"line":5,"column":6},"end":{"line":5,"column":15}},"loc":{"start":{"line":5,"column":34},"end":{"line":7,"column":null}},"line":5},"2":{"name":"PersonCard","decl":{"start":{"line":10,"column":16},"end":{"line":10,"column":27}},"loc":{"start":{"line":10,"column":59},"end":{"line":29,"column":null}},"line":10}},"branchMap":{"0":{"loc":{"start":{"line":6,"column":2},"end":{"line":6,"column":null}},"type":"if","locations":[{"start":{"line":6,"column":2},"end":{"line":6,"column":null}},{"start":{},"end":{}}],"line":6},"1":{"loc":{"start":{"line":21,"column":50},"end":{"line":21,"column":107}},"type":"cond-expr","locations":[{"start":{"line":21,"column":80},"end":{"line":21,"column":87}},{"start":{"line":21,"column":87},"end":{"line":21,"column":107}}],"line":21},"2":{"loc":{"start":{"line":25,"column":50},"end":{"line":25,"column":103}},"type":"cond-expr","locations":[{"start":{"line":25,"column":78},"end":{"line":25,"column":85}},{"start":{"line":25,"column":85},"end":{"line":25,"column":103}}],"line":25}},"s":{"0":3,"1":8,"2":3,"3":8,"4":1,"5":7,"6":8,"7":8},"f":{"0":8,"1":8,"2":8},"b":{"0":[1,7],"1":[0,8],"2":[0,8]},"meta":{"lastBranch":3,"lastFunction":3,"lastStatement":8,"seen":{"s:4:6:4:76":0,"f:4:6:4:14":0,"s:4:33:4:76":1,"s:5:6:7:Infinity":2,"f:5:6:5:15":1,"b:6:2:6:Infinity:undefined:undefined:undefined:undefined":0,"s:6:2:6:Infinity":3,"s:6:39:6:Infinity":4,"s:7:2:7:Infinity":5,"f:10:16:10:27":2,"s:11:13:11:25":6,"s:12:2:29:Infinity":7,"b:21:80:21:87:21:87:21:107":1,"b:25:78:25:85:25:85:25:103":2}}}
,"C:\\Users\\aggel\\Desktop\\Frontend_Developer_Technical_Assessmentder\\swapi-app\\src\\components\\people\\PersonDetail.tsx": {"path":"C:\\Users\\aggel\\Desktop\\Frontend_Developer_Technical_Assessmentder\\swapi-app\\src\\components\\people\\PersonDetail.tsx","statementMap":{"0":{"start":{"line":16,"column":8},"end":{"line":16,"column":41}},"1":{"start":{"line":18,"column":2},"end":{"line":58,"column":null}},"2":{"start":{"line":29,"column":10},"end":{"line":40,"column":null}},"3":{"start":{"line":65,"column":2},"end":{"line":78,"column":null}},"4":{"start":{"line":71,"column":12},"end":{"line":73,"column":null}}},"fnMap":{"0":{"name":"PersonDetail","decl":{"start":{"line":15,"column":16},"end":{"line":15,"column":29}},"loc":{"start":{"line":15,"column":48},"end":{"line":58,"column":null}},"line":15},"1":{"name":"(anonymous_1)","decl":{"start":{"line":28,"column":15},"end":{"line":28,"column":20}},"loc":{"start":{"line":29,"column":10},"end":{"line":40,"column":null}},"line":29},"2":{"name":"ResourceSection","decl":{"start":{"line":64,"column":9},"end":{"line":64,"column":25}},"loc":{"start":{"line":64,"column":101},"end":{"line":78,"column":null}},"line":64},"3":{"name":"(anonymous_3)","decl":{"start":{"line":70,"column":16},"end":{"line":70,"column":21}},"loc":{"start":{"line":71,"column":12},"end":{"line":73,"column":null}},"line":71}},"branchMap":{"0":{"loc":{"start":{"line":32,"column":14},"end":{"line":32,"column":null}},"type":"cond-expr","locations":[{"start":{"line":32,"column":28},"end":{"line":32,"column":50}},{"start":{"line":32,"column":50},"end":{"line":32,"column":null}}],"line":32},"1":{"loc":{"start":{"line":33,"column":16},"end":{"line":33,"column":null}},"type":"cond-expr","locations":[{"start":{"line":33,"column":30},"end":{"line":33,"column":52}},{"start":{"line":33,"column":52},"end":{"line":33,"column":null}}],"line":33},"2":{"loc":{"start":{"line":38,"column":15},"end":{"line":38,"column":null}},"type":"binary-expr","locations":[{"start":{"line":38,"column":15},"end":{"line":38,"column":28}},{"start":{"line":38,"column":28},"end":{"line":38,"column":null}}],"line":38},"3":{"loc":{"start":{"line":45,"column":60},"end":{"line":45,"column":96}},"type":"binary-expr","locations":[{"start":{"line":45,"column":60},"end":{"line":45,"column":84}},{"start":{"line":45,"column":84},"end":{"line":45,"column":96}}],"line":45},"4":{"loc":{"start":{"line":69,"column":9},"end":{"line":76,"column":null}},"type":"cond-expr","locations":[{"start":{"line":70,"column":10},"end":{"line":73,"column":null}},{"start":{"line":75,"column":12},"end":{"line":76,"column":null}}],"line":69},"5":{"loc":{"start":{"line":75,"column":12},"end":{"line":76,"column":null}},"type":"cond-expr","locations":[{"start":{"line":75,"column":24},"end":{"line":75,"column":null}},{"start":{"line":76,"column":10},"end":{"line":76,"column":null}}],"line":75}},"s":{"0":3,"1":3,"2":21,"3":12,"4":3},"f":{"0":3,"1":21,"2":12,"3":3},"b":{"0":[18,3],"1":[12,9],"2":[21,9],"3":[3,0],"4":[3,9],"5":[0,9]},"meta":{"lastBranch":6,"lastFunction":4,"lastStatement":5,"seen":{"f:15:16:15:29":0,"s:16:8:16:41":0,"s:18:2:58:Infinity":1,"f:28:15:28:20":1,"s:29:10:40:Infinity":2,"b:32:28:32:50:32:50:32:Infinity":0,"b:33:30:33:52:33:52:33:Infinity":1,"b:38:15:38:28:38:28:38:Infinity":2,"b:45:60:45:84:45:84:45:96":3,"f:64:9:64:25":2,"s:65:2:78:Infinity":3,"b:70:10:73:Infinity:75:12:76:Infinity":4,"f:70:16:70:21":3,"s:71:12:73:Infinity":4,"b:75:24:75:Infinity:76:10:76:Infinity":5}}}
,"C:\\Users\\aggel\\Desktop\\Frontend_Developer_Technical_Assessmentder\\swapi-app\\src\\components\\ui\\input.tsx": {"path":"C:\\Users\\aggel\\Desktop\\Frontend_Developer_Technical_Assessmentder\\swapi-app\\src\\components\\ui\\input.tsx","statementMap":{"0":{"start":{"line":7,"column":2},"end":{"line":16,"column":null}}},"fnMap":{"0":{"name":"Input","decl":{"start":{"line":6,"column":9},"end":{"line":6,"column":15}},"loc":{"start":{"line":6,"column":77},"end":{"line":16,"column":null}},"line":6}},"branchMap":{},"s":{"0":9},"f":{"0":9},"b":{},"meta":{"lastBranch":0,"lastFunction":1,"lastStatement":1,"seen":{"f:6:9:6:15":0,"s:7:2:16:Infinity":0}}}
,"C:\\Users\\aggel\\Desktop\\Frontend_Developer_Technical_Assessmentder\\swapi-app\\src\\components\\ui\\popover.tsx": {"path":"C:\\Users\\aggel\\Desktop\\Frontend_Developer_Technical_Assessmentder\\swapi-app\\src\\components\\ui\\popover.tsx","statementMap":{"0":{"start":{"line":1,"column":0},"end":{"line":1,"column":null}},"1":{"start":{"line":9,"column":2},"end":{"line":9,"column":null}},"2":{"start":{"line":13,"column":2},"end":{"line":13,"column":null}},"3":{"start":{"line":28,"column":2},"end":{"line":46,"column":null}},"4":{"start":{"line":51,"column":2},"end":{"line":56,"column":null}},"5":{"start":{"line":61,"column":2},"end":{"line":66,"column":null}},"6":{"start":{"line":74,"column":2},"end":{"line":79,"column":null}}},"fnMap":{"0":{"name":"Popover","decl":{"start":{"line":8,"column":9},"end":{"line":8,"column":17}},"loc":{"start":{"line":8,"column":60},"end":{"line":9,"column":null}},"line":8},"1":{"name":"PopoverTrigger","decl":{"start":{"line":12,"column":9},"end":{"line":12,"column":24}},"loc":{"start":{"line":12,"column":70},"end":{"line":13,"column":null}},"line":12},"2":{"name":"PopoverContent","decl":{"start":{"line":16,"column":9},"end":{"line":16,"column":24}},"loc":{"start":{"line":27,"column":5},"end":{"line":46,"column":null}},"line":27},"3":{"name":"PopoverHeader","decl":{"start":{"line":50,"column":9},"end":{"line":50,"column":23}},"loc":{"start":{"line":50,"column":77},"end":{"line":56,"column":null}},"line":50},"4":{"name":"PopoverTitle","decl":{"start":{"line":60,"column":9},"end":{"line":60,"column":22}},"loc":{"start":{"line":60,"column":77},"end":{"line":66,"column":null}},"line":60},"5":{"name":"PopoverDescription","decl":{"start":{"line":70,"column":9},"end":{"line":70,"column":28}},"loc":{"start":{"line":73,"column":39},"end":{"line":79,"column":null}},"line":73}},"branchMap":{"0":{"loc":{"start":{"line":18,"column":2},"end":{"line":18,"column":null}},"type":"default-arg","locations":[{"start":{"line":18,"column":10},"end":{"line":18,"column":null}}],"line":18},"1":{"loc":{"start":{"line":19,"column":2},"end":{"line":19,"column":null}},"type":"default-arg","locations":[{"start":{"line":19,"column":16},"end":{"line":19,"column":null}}],"line":19},"2":{"loc":{"start":{"line":20,"column":2},"end":{"line":20,"column":null}},"type":"default-arg","locations":[{"start":{"line":20,"column":9},"end":{"line":20,"column":null}}],"line":20},"3":{"loc":{"start":{"line":21,"column":2},"end":{"line":21,"column":null}},"type":"default-arg","locations":[{"start":{"line":21,"column":15},"end":{"line":21,"column":null}}],"line":21}},"s":{"0":4,"1":12,"2":12,"3":12,"4":0,"5":0,"6":0},"f":{"0":12,"1":12,"2":12,"3":0,"4":0,"5":0},"b":{"0":[12],"1":[12],"2":[12],"3":[12]},"meta":{"lastBranch":4,"lastFunction":6,"lastStatement":7,"seen":{"s:1:0:1:Infinity":0,"f:8:9:8:17":0,"s:9:2:9:Infinity":1,"f:12:9:12:24":1,"s:13:2:13:Infinity":2,"f:16:9:16:24":2,"b:18:10:18:Infinity":0,"b:19:16:19:Infinity":1,"b:20:9:20:Infinity":2,"b:21:15:21:Infinity":3,"s:28:2:46:Infinity":3,"f:50:9:50:23":3,"s:51:2:56:Infinity":4,"f:60:9:60:22":4,"s:61:2:66:Infinity":5,"f:70:9:70:28":5,"s:74:2:79:Infinity":6}}}
,"C:\\Users\\aggel\\Desktop\\Frontend_Developer_Technical_Assessmentder\\swapi-app\\src\\components\\ui\\custom\\BackButton.tsx": {"path":"C:\\Users\\aggel\\Desktop\\Frontend_Developer_Technical_Assessmentder\\swapi-app\\src\\components\\ui\\custom\\BackButton.tsx","statementMap":{"0":{"start":{"line":10,"column":2},"end":{"line":16,"column":null}}},"fnMap":{"0":{"name":"BackButton","decl":{"start":{"line":9,"column":16},"end":{"line":9,"column":27}},"loc":{"start":{"line":9,"column":59},"end":{"line":16,"column":null}},"line":9}},"branchMap":{},"s":{"0":2},"f":{"0":2},"b":{},"meta":{"lastBranch":0,"lastFunction":1,"lastStatement":1,"seen":{"f:9:16:9:27":0,"s:10:2:16:Infinity":0}}}
,"C:\\Users\\aggel\\Desktop\\Frontend_Developer_Technical_Assessmentder\\swapi-app\\src\\components\\ui\\custom\\EmptyState.tsx": {"path":"C:\\Users\\aggel\\Desktop\\Frontend_Developer_Technical_Assessmentder\\swapi-app\\src\\components\\ui\\custom\\EmptyState.tsx","statementMap":{"0":{"start":{"line":19,"column":2},"end":{"line":43,"column":null}}},"fnMap":{"0":{"name":"EmptyState","decl":{"start":{"line":11,"column":16},"end":{"line":11,"column":27}},"loc":{"start":{"line":18,"column":20},"end":{"line":43,"column":null}},"line":18}},"branchMap":{"0":{"loc":{"start":{"line":27,"column":7},"end":{"line":30,"column":null}},"type":"binary-expr","locations":[{"start":{"line":27,"column":7},"end":{"line":27,"column":null}},{"start":{"line":28,"column":8},"end":{"line":30,"column":null}}],"line":27},"1":{"loc":{"start":{"line":34,"column":9},"end":{"line":37,"column":null}},"type":"binary-expr","locations":[{"start":{"line":34,"column":9},"end":{"line":34,"column":null}},{"start":{"line":35,"column":10},"end":{"line":37,"column":null}}],"line":34},"2":{"loc":{"start":{"line":40,"column":7},"end":{"line":43,"column":null}},"type":"binary-expr","locations":[{"start":{"line":40,"column":7},"end":{"line":40,"column":null}},{"start":{"line":41,"column":8},"end":{"line":43,"column":null}}],"line":40}},"s":{"0":9},"f":{"0":9},"b":{"0":[9,7],"1":[9,7],"2":[9,3]},"meta":{"lastBranch":3,"lastFunction":1,"lastStatement":1,"seen":{"f:11:16:11:27":0,"s:19:2:43:Infinity":0,"b:27:7:27:Infinity:28:8:30:Infinity":0,"b:34:9:34:Infinity:35:10:37:Infinity":1,"b:40:7:40:Infinity:41:8:43:Infinity":2}}}
,"C:\\Users\\aggel\\Desktop\\Frontend_Developer_Technical_Assessmentder\\swapi-app\\src\\components\\ui\\custom\\ErrorStates.tsx": {"path":"C:\\Users\\aggel\\Desktop\\Frontend_Developer_Technical_Assessmentder\\swapi-app\\src\\components\\ui\\custom\\ErrorStates.tsx","statementMap":{"0":{"start":{"line":7,"column":2},"end":{"line":24,"column":null}},"1":{"start":{"line":15,"column":12},"end":{"line":15,"column":null}},"2":{"start":{"line":16,"column":12},"end":{"line":16,"column":null}},"3":{"start":{"line":35,"column":2},"end":{"line":50,"column":null}}},"fnMap":{"0":{"name":"GridErrorState","decl":{"start":{"line":6,"column":16},"end":{"line":6,"column":31}},"loc":{"start":{"line":6,"column":69},"end":{"line":24,"column":null}},"line":6},"1":{"name":"(anonymous_1)","decl":{"start":{"line":14,"column":10},"end":{"line":14,"column":25}},"loc":{"start":{"line":14,"column":25},"end":{"line":16,"column":null}},"line":14},"2":{"name":"DetailErrorState","decl":{"start":{"line":28,"column":16},"end":{"line":28,"column":33}},"loc":{"start":{"line":34,"column":3},"end":{"line":50,"column":null}},"line":34}},"branchMap":{"0":{"loc":{"start":{"line":29,"column":2},"end":{"line":29,"column":null}},"type":"default-arg","locations":[{"start":{"line":29,"column":9},"end":{"line":29,"column":null}}],"line":29},"1":{"loc":{"start":{"line":30,"column":2},"end":{"line":30,"column":null}},"type":"default-arg","locations":[{"start":{"line":30,"column":15},"end":{"line":30,"column":null}}],"line":30}},"s":{"0":1,"1":0,"2":0,"3":0},"f":{"0":1,"1":0,"2":0},"b":{"0":[0],"1":[0]},"meta":{"lastBranch":2,"lastFunction":3,"lastStatement":4,"seen":{"f:6:16:6:31":0,"s:7:2:24:Infinity":0,"f:14:10:14:25":1,"s:15:12:15:Infinity":1,"s:16:12:16:Infinity":2,"f:28:16:28:33":2,"b:29:9:29:Infinity":0,"b:30:15:30:Infinity":1,"s:35:2:50:Infinity":3}}}
,"C:\\Users\\aggel\\Desktop\\Frontend_Developer_Technical_Assessmentder\\swapi-app\\src\\components\\ui\\custom\\FavoriteButton.tsx": {"path":"C:\\Users\\aggel\\Desktop\\Frontend_Developer_Technical_Assessmentder\\swapi-app\\src\\components\\ui\\custom\\FavoriteButton.tsx","statementMap":{"0":{"start":{"line":11,"column":26},"end":{"line":11,"column":55}},"1":{"start":{"line":12,"column":20},"end":{"line":12,"column":50}},"2":{"start":{"line":14,"column":8},"end":{"line":19,"column":null}},"3":{"start":{"line":15,"column":4},"end":{"line":15,"column":null}},"4":{"start":{"line":16,"column":4},"end":{"line":19,"column":null}},"5":{"start":{"line":17,"column":6},"end":{"line":17,"column":null}},"6":{"start":{"line":19,"column":6},"end":{"line":19,"column":null}},"7":{"start":{"line":23,"column":2},"end":{"line":39,"column":null}}},"fnMap":{"0":{"name":"FavoriteButton","decl":{"start":{"line":10,"column":16},"end":{"line":10,"column":31}},"loc":{"start":{"line":10,"column":62},"end":{"line":39,"column":null}},"line":10},"1":{"name":"(anonymous_1)","decl":{"start":{"line":14,"column":8},"end":{"line":14,"column":29}},"loc":{"start":{"line":14,"column":29},"end":{"line":19,"column":null}},"line":14}},"branchMap":{"0":{"loc":{"start":{"line":16,"column":4},"end":{"line":19,"column":null}},"type":"if","locations":[{"start":{"line":16,"column":4},"end":{"line":19,"column":null}},{"start":{"line":18,"column":11},"end":{"line":19,"column":null}}],"line":16},"1":{"loc":{"start":{"line":28,"column":8},"end":{"line":30,"column":null}},"type":"cond-expr","locations":[{"start":{"line":29,"column":12},"end":{"line":29,"column":null}},{"start":{"line":30,"column":12},"end":{"line":30,"column":null}}],"line":28},"2":{"loc":{"start":{"line":36,"column":10},"end":{"line":36,"column":null}},"type":"binary-expr","locations":[{"start":{"line":36,"column":10},"end":{"line":36,"column":23}},{"start":{"line":36,"column":23},"end":{"line":36,"column":null}}],"line":36},"3":{"loc":{"start":{"line":39,"column":13},"end":{"line":39,"column":65}},"type":"cond-expr","locations":[{"start":{"line":39,"column":25},"end":{"line":39,"column":39}},{"start":{"line":39,"column":39},"end":{"line":39,"column":65}}],"line":39}},"s":{"0":6,"1":6,"2":6,"3":2,"4":2,"5":1,"6":1,"7":6},"f":{"0":6,"1":2},"b":{"0":[1,1],"1":[2,4],"2":[6,2],"3":[2,4]},"meta":{"lastBranch":4,"lastFunction":2,"lastStatement":8,"seen":{"f:10:16:10:31":0,"s:11:26:11:55":0,"s:12:20:12:50":1,"s:14:8:19:Infinity":2,"f:14:8:14:29":1,"s:15:4:15:Infinity":3,"b:16:4:19:Infinity:18:11:19:Infinity":0,"s:16:4:19:Infinity":4,"s:17:6:17:Infinity":5,"s:19:6:19:Infinity":6,"s:23:2:39:Infinity":7,"b:29:12:29:Infinity:30:12:30:Infinity":1,"b:36:10:36:23:36:23:36:Infinity":2,"b:39:25:39:39:39:39:39:65":3}}}
,"C:\\Users\\aggel\\Desktop\\Frontend_Developer_Technical_Assessmentder\\swapi-app\\src\\components\\ui\\custom\\Skeletons.tsx": {"path":"C:\\Users\\aggel\\Desktop\\Frontend_Developer_Technical_Assessmentder\\swapi-app\\src\\components\\ui\\custom\\Skeletons.tsx","statementMap":{"0":{"start":{"line":5,"column":2},"end":{"line":8,"column":null}},"1":{"start":{"line":13,"column":2},"end":{"line":14,"column":null}},"2":{"start":{"line":19,"column":2},"end":{"line":24,"column":null}},"3":{"start":{"line":31,"column":2},"end":{"line":39,"column":null}},"4":{"start":{"line":36,"column":10},"end":{"line":36,"column":null}},"5":{"start":{"line":45,"column":2},"end":{"line":54,"column":null}}},"fnMap":{"0":{"name":"ToolbarSkeleton","decl":{"start":{"line":4,"column":16},"end":{"line":4,"column":32}},"loc":{"start":{"line":4,"column":71},"end":{"line":8,"column":null}},"line":4},"1":{"name":"CardSkeleton","decl":{"start":{"line":12,"column":16},"end":{"line":12,"column":29}},"loc":{"start":{"line":12,"column":68},"end":{"line":14,"column":null}},"line":12},"2":{"name":"PaginationSkeleton","decl":{"start":{"line":18,"column":16},"end":{"line":18,"column":35}},"loc":{"start":{"line":18,"column":74},"end":{"line":24,"column":null}},"line":18},"3":{"name":"GridSkeleton","decl":{"start":{"line":30,"column":16},"end":{"line":30,"column":29}},"loc":{"start":{"line":30,"column":65},"end":{"line":39,"column":null}},"line":30},"4":{"name":"(anonymous_4)","decl":{"start":{"line":35,"column":39},"end":{"line":35,"column":44}},"loc":{"start":{"line":36,"column":10},"end":{"line":36,"column":null}},"line":36},"5":{"name":"DetailSkeleton","decl":{"start":{"line":44,"column":16},"end":{"line":44,"column":33}},"loc":{"start":{"line":44,"column":33},"end":{"line":54,"column":null}},"line":44}},"branchMap":{"0":{"loc":{"start":{"line":30,"column":31},"end":{"line":30,"column":65}},"type":"default-arg","locations":[{"start":{"line":30,"column":39},"end":{"line":30,"column":65}}],"line":30}},"s":{"0":1,"1":10,"2":1,"3":1,"4":10,"5":0},"f":{"0":1,"1":10,"2":1,"3":1,"4":10,"5":0},"b":{"0":[1]},"meta":{"lastBranch":1,"lastFunction":6,"lastStatement":6,"seen":{"f:4:16:4:32":0,"s:5:2:8:Infinity":0,"f:12:16:12:29":1,"s:13:2:14:Infinity":1,"f:18:16:18:35":2,"s:19:2:24:Infinity":2,"f:30:16:30:29":3,"b:30:39:30:65":0,"s:31:2:39:Infinity":3,"f:35:39:35:44":4,"s:36:10:36:Infinity":4,"f:44:16:44:33":5,"s:45:2:54:Infinity":5}}}
,"C:\\Users\\aggel\\Desktop\\Frontend_Developer_Technical_Assessmentder\\swapi-app\\src\\constants\\character.ts": {"path":"C:\\Users\\aggel\\Desktop\\Frontend_Developer_Technical_Assessmentder\\swapi-app\\src\\constants\\character.ts","statementMap":{"0":{"start":{"line":3,"column":13},"end":{"line":5,"column":null}},"1":{"start":{"line":4,"column":2},"end":{"line":4,"column":null}},"2":{"start":{"line":4,"column":78},"end":{"line":4,"column":null}},"3":{"start":{"line":5,"column":2},"end":{"line":5,"column":null}},"4":{"start":{"line":8,"column":13},"end":{"line":20,"column":null}},"5":{"start":{"line":8,"column":53},"end":{"line":20,"column":null}}},"fnMap":{"0":{"name":"(anonymous_0)","decl":{"start":{"line":3,"column":13},"end":{"line":3,"column":36}},"loc":{"start":{"line":3,"column":64},"end":{"line":5,"column":null}},"line":3},"1":{"name":"(anonymous_1)","decl":{"start":{"line":8,"column":13},"end":{"line":8,"column":34}},"loc":{"start":{"line":8,"column":53},"end":{"line":20,"column":null}},"line":8}},"branchMap":{"0":{"loc":{"start":{"line":4,"column":2},"end":{"line":4,"column":null}},"type":"if","locations":[{"start":{"line":4,"column":2},"end":{"line":4,"column":null}},{"start":{},"end":{}}],"line":4},"1":{"loc":{"start":{"line":4,"column":6},"end":{"line":4,"column":78}},"type":"binary-expr","locations":[{"start":{"line":4,"column":6},"end":{"line":4,"column":14}},{"start":{"line":4,"column":14},"end":{"line":4,"column":49}},{"start":{"line":4,"column":49},"end":{"line":4,"column":78}}],"line":4},"2":{"loc":{"start":{"line":13,"column":11},"end":{"line":13,"column":88}},"type":"cond-expr","locations":[{"start":{"line":13,"column":45},"end":{"line":13,"column":52}},{"start":{"line":13,"column":52},"end":{"line":13,"column":88}}],"line":13},"3":{"loc":{"start":{"line":14,"column":10},"end":{"line":14,"column":null}},"type":"cond-expr","locations":[{"start":{"line":14,"column":46},"end":{"line":14,"column":54}},{"start":{"line":14,"column":54},"end":{"line":14,"column":null}}],"line":14}},"s":{"0":1,"1":18,"2":0,"3":18,"4":1,"5":3},"f":{"0":18,"1":3},"b":{"0":[0,18],"1":[18,18,18],"2":[0,3],"3":[3,0]},"meta":{"lastBranch":4,"lastFunction":2,"lastStatement":6,"seen":{"s:3:13:5:Infinity":0,"f:3:13:3:36":0,"b:4:2:4:Infinity:undefined:undefined:undefined:undefined":0,"s:4:2:4:Infinity":1,"b:4:6:4:14:4:14:4:49:4:49:4:78":1,"s:4:78:4:Infinity":2,"s:5:2:5:Infinity":3,"s:8:13:20:Infinity":4,"f:8:13:8:34":1,"s:8:53:20:Infinity":5,"b:13:45:13:52:13:52:13:88":2,"b:14:46:14:54:14:54:14:Infinity":3}}}
,"C:\\Users\\aggel\\Desktop\\Frontend_Developer_Technical_Assessmentder\\swapi-app\\src\\hooks\\use-api-store.ts": {"path":"C:\\Users\\aggel\\Desktop\\Frontend_Developer_Technical_Assessmentder\\swapi-app\\src\\hooks\\use-api-store.ts","statementMap":{"0":{"start":{"line":12,"column":13},"end":{"line":24,"column":null}},"1":{"start":{"line":14,"column":14},"end":{"line":20,"column":null}},"2":{"start":{"line":17,"column":32},"end":{"line":17,"column":68}},"3":{"start":{"line":18,"column":38},"end":{"line":18,"column":73}},"4":{"start":{"line":19,"column":19},"end":{"line":19,"column":null}}},"fnMap":{"0":{"name":"(anonymous_0)","decl":{"start":{"line":13,"column":2},"end":{"line":13,"column":null}},"loc":{"start":{"line":14,"column":14},"end":{"line":20,"column":null}},"line":14},"1":{"name":"(anonymous_1)","decl":{"start":{"line":17,"column":6},"end":{"line":17,"column":23}},"loc":{"start":{"line":17,"column":32},"end":{"line":17,"column":68}},"line":17},"2":{"name":"(anonymous_2)","decl":{"start":{"line":18,"column":6},"end":{"line":18,"column":28}},"loc":{"start":{"line":18,"column":38},"end":{"line":18,"column":73}},"line":18},"3":{"name":"(anonymous_3)","decl":{"start":{"line":19,"column":6},"end":{"line":19,"column":19}},"loc":{"start":{"line":19,"column":19},"end":{"line":19,"column":null}},"line":19}},"branchMap":{},"s":{"0":3,"1":3,"2":5,"3":6,"4":14},"f":{"0":3,"1":5,"2":6,"3":14},"b":{},"meta":{"lastBranch":0,"lastFunction":4,"lastStatement":5,"seen":{"s:12:13:24:Infinity":0,"f:13:2:13:Infinity":0,"s:14:14:20:Infinity":1,"f:17:6:17:23":1,"s:17:32:17:68":2,"f:18:6:18:28":2,"s:18:38:18:73":3,"f:19:6:19:19":3,"s:19:19:19:Infinity":4}}}
,"C:\\Users\\aggel\\Desktop\\Frontend_Developer_Technical_Assessmentder\\swapi-app\\src\\hooks\\use-favorites.ts": {"path":"C:\\Users\\aggel\\Desktop\\Frontend_Developer_Technical_Assessmentder\\swapi-app\\src\\hooks\\use-favorites.ts","statementMap":{"0":{"start":{"line":19,"column":13},"end":{"line":49,"column":null}},"1":{"start":{"line":21,"column":19},"end":{"line":45,"column":null}},"2":{"start":{"line":24,"column":30},"end":{"line":24,"column":35}},"3":{"start":{"line":25,"column":23},"end":{"line":25,"column":86}},"4":{"start":{"line":25,"column":45},"end":{"line":25,"column":86}},"5":{"start":{"line":27,"column":8},"end":{"line":34,"column":null}},"6":{"start":{"line":28,"column":10},"end":{"line":30,"column":null}},"7":{"start":{"line":29,"column":47},"end":{"line":29,"column":91}},"8":{"start":{"line":32,"column":10},"end":{"line":34,"column":null}},"9":{"start":{"line":38,"column":8},"end":{"line":40,"column":null}},"10":{"start":{"line":39,"column":51},"end":{"line":39,"column":63}},"11":{"start":{"line":43,"column":8},"end":{"line":43,"column":null}},"12":{"start":{"line":43,"column":43},"end":{"line":43,"column":74}}},"fnMap":{"0":{"name":"(anonymous_0)","decl":{"start":{"line":20,"column":2},"end":{"line":20,"column":null}},"loc":{"start":{"line":21,"column":19},"end":{"line":45,"column":null}},"line":21},"1":{"name":"(anonymous_1)","decl":{"start":{"line":23,"column":6},"end":{"line":23,"column":23}},"loc":{"start":{"line":23,"column":32},"end":{"line":34,"column":null}},"line":23},"2":{"name":"(anonymous_2)","decl":{"start":{"line":25,"column":33},"end":{"line":25,"column":39}},"loc":{"start":{"line":25,"column":45},"end":{"line":25,"column":86}},"line":25},"3":{"name":"(anonymous_3)","decl":{"start":{"line":29,"column":33},"end":{"line":29,"column":41}},"loc":{"start":{"line":29,"column":47},"end":{"line":29,"column":91}},"line":29},"4":{"name":"(anonymous_4)","decl":{"start":{"line":37,"column":6},"end":{"line":37,"column":23}},"loc":{"start":{"line":37,"column":30},"end":{"line":40,"column":null}},"line":37},"5":{"name":"(anonymous_5)","decl":{"start":{"line":39,"column":37},"end":{"line":39,"column":45}},"loc":{"start":{"line":39,"column":51},"end":{"line":39,"column":63}},"line":39},"6":{"name":"(anonymous_6)","decl":{"start":{"line":42,"column":6},"end":{"line":42,"column":19}},"loc":{"start":{"line":42,"column":32},"end":{"line":43,"column":null}},"line":42},"7":{"name":"(anonymous_7)","decl":{"start":{"line":43,"column":31},"end":{"line":43,"column":37}},"loc":{"start":{"line":43,"column":43},"end":{"line":43,"column":74}},"line":43}},"branchMap":{"0":{"loc":{"start":{"line":25,"column":45},"end":{"line":25,"column":86}},"type":"binary-expr","locations":[{"start":{"line":25,"column":45},"end":{"line":25,"column":65}},{"start":{"line":25,"column":65},"end":{"line":25,"column":86}}],"line":25},"1":{"loc":{"start":{"line":27,"column":8},"end":{"line":34,"column":null}},"type":"if","locations":[{"start":{"line":27,"column":8},"end":{"line":34,"column":null}},{"start":{"line":31,"column":15},"end":{"line":34,"column":null}}],"line":27},"2":{"loc":{"start":{"line":29,"column":49},"end":{"line":29,"column":91}},"type":"binary-expr","locations":[{"start":{"line":29,"column":49},"end":{"line":29,"column":69}},{"start":{"line":29,"column":69},"end":{"line":29,"column":91}}],"line":29},"3":{"loc":{"start":{"line":43,"column":43},"end":{"line":43,"column":74}},"type":"binary-expr","locations":[{"start":{"line":43,"column":43},"end":{"line":43,"column":58}},{"start":{"line":43,"column":58},"end":{"line":43,"column":74}}],"line":43}},"s":{"0":2,"1":2,"2":4,"3":4,"4":1,"5":4,"6":1,"7":1,"8":3,"9":1,"10":1,"11":2,"12":1},"f":{"0":2,"1":4,"2":1,"3":1,"4":1,"5":1,"6":2,"7":1},"b":{"0":[1,1],"1":[1,3],"2":[1,1],"3":[1,1]},"meta":{"lastBranch":4,"lastFunction":8,"lastStatement":13,"seen":{"s:19:13:49:Infinity":0,"f:20:2:20:Infinity":0,"s:21:19:45:Infinity":1,"f:23:6:23:23":1,"s:24:30:24:35":2,"s:25:23:25:86":3,"f:25:33:25:39":2,"s:25:45:25:86":4,"b:25:45:25:65:25:65:25:86":0,"b:27:8:34:Infinity:31:15:34:Infinity":1,"s:27:8:34:Infinity":5,"s:28:10:30:Infinity":6,"f:29:33:29:41":3,"s:29:47:29:91":7,"b:29:49:29:69:29:69:29:91":2,"s:32:10:34:Infinity":8,"f:37:6:37:23":4,"s:38:8:40:Infinity":9,"f:39:37:39:45":5,"s:39:51:39:63":10,"f:42:6:42:19":6,"s:43:8:43:Infinity":11,"f:43:31:43:37":7,"s:43:43:43:74":12,"b:43:43:43:58:43:58:43:74":3}}}
,"C:\\Users\\aggel\\Desktop\\Frontend_Developer_Technical_Assessmentder\\swapi-app\\src\\hooks\\use-grid-store.ts": {"path":"C:\\Users\\aggel\\Desktop\\Frontend_Developer_Technical_Assessmentder\\swapi-app\\src\\hooks\\use-grid-store.ts","statementMap":{"0":{"start":{"line":19,"column":38},"end":{"line":23,"column":null}},"1":{"start":{"line":25,"column":13},"end":{"line":40,"column":null}},"2":{"start":{"line":27,"column":14},"end":{"line":36,"column":null}},"3":{"start":{"line":31,"column":8},"end":{"line":31,"column":70}},"4":{"start":{"line":31,"column":24},"end":{"line":31,"column":68}},"5":{"start":{"line":33,"column":8},"end":{"line":33,"column":68}},"6":{"start":{"line":33,"column":24},"end":{"line":33,"column":66}},"7":{"start":{"line":34,"column":25},"end":{"line":34,"column":64}},"8":{"start":{"line":35,"column":24},"end":{"line":35,"column":null}}},"fnMap":{"0":{"name":"(anonymous_0)","decl":{"start":{"line":26,"column":2},"end":{"line":26,"column":null}},"loc":{"start":{"line":27,"column":14},"end":{"line":36,"column":null}},"line":27},"1":{"name":"(anonymous_1)","decl":{"start":{"line":30,"column":6},"end":{"line":30,"column":21}},"loc":{"start":{"line":31,"column":8},"end":{"line":31,"column":70}},"line":31},"2":{"name":"(anonymous_2)","decl":{"start":{"line":31,"column":8},"end":{"line":31,"column":13}},"loc":{"start":{"line":31,"column":24},"end":{"line":31,"column":68}},"line":31},"3":{"name":"(anonymous_3)","decl":{"start":{"line":32,"column":6},"end":{"line":32,"column":20}},"loc":{"start":{"line":33,"column":8},"end":{"line":33,"column":68}},"line":33},"4":{"name":"(anonymous_4)","decl":{"start":{"line":33,"column":8},"end":{"line":33,"column":13}},"loc":{"start":{"line":33,"column":24},"end":{"line":33,"column":66}},"line":33},"5":{"name":"(anonymous_5)","decl":{"start":{"line":34,"column":6},"end":{"line":34,"column":25}},"loc":{"start":{"line":34,"column":25},"end":{"line":34,"column":64}},"line":34},"6":{"name":"(anonymous_6)","decl":{"start":{"line":35,"column":6},"end":{"line":35,"column":24}},"loc":{"start":{"line":35,"column":24},"end":{"line":35,"column":null}},"line":35}},"branchMap":{},"s":{"0":2,"1":2,"2":2,"3":2,"4":2,"5":2,"6":2,"7":6,"8":6},"f":{"0":2,"1":2,"2":2,"3":2,"4":2,"5":6,"6":6},"b":{},"meta":{"lastBranch":0,"lastFunction":7,"lastStatement":9,"seen":{"s:19:38:23:Infinity":0,"s:25:13:40:Infinity":1,"f:26:2:26:Infinity":0,"s:27:14:36:Infinity":2,"f:30:6:30:21":1,"s:31:8:31:70":3,"f:31:8:31:13":2,"s:31:24:31:68":4,"f:32:6:32:20":3,"s:33:8:33:68":5,"f:33:8:33:13":4,"s:33:24:33:66":6,"f:34:6:34:25":5,"s:34:25:34:64":7,"f:35:6:35:24":6,"s:35:24:35:Infinity":8}}}
,"C:\\Users\\aggel\\Desktop\\Frontend_Developer_Technical_Assessmentder\\swapi-app\\src\\hooks\\use-swapi.ts": {"path":"C:\\Users\\aggel\\Desktop\\Frontend_Developer_Technical_Assessmentder\\swapi-app\\src\\hooks\\use-swapi.ts","statementMap":{"0":{"start":{"line":8,"column":2},"end":{"line":12,"column":null}},"1":{"start":{"line":10,"column":4},"end":{"line":10,"column":54}},"2":{"start":{"line":11,"column":39},"end":{"line":11,"column":null}},"3":{"start":{"line":16,"column":2},"end":{"line":20,"column":null}},"4":{"start":{"line":18,"column":4},"end":{"line":18,"column":53}},"5":{"start":{"line":19,"column":39},"end":{"line":19,"column":null}},"6":{"start":{"line":24,"column":8},"end":{"line":24,"column":38}},"7":{"start":{"line":25,"column":2},"end":{"line":39,"column":null}},"8":{"start":{"line":27,"column":4},"end":{"line":27,"column":34}},"9":{"start":{"line":30,"column":22},"end":{"line":30,"column":97}},"10":{"start":{"line":31,"column":6},"end":{"line":34,"column":null}},"11":{"start":{"line":32,"column":8},"end":{"line":34,"column":null}},"12":{"start":{"line":33,"column":25},"end":{"line":33,"column":81}},"13":{"start":{"line":33,"column":48},"end":{"line":33,"column":80}},"14":{"start":{"line":34,"column":10},"end":{"line":34,"column":null}},"15":{"start":{"line":34,"column":22},"end":{"line":34,"column":null}},"16":{"start":{"line":37,"column":6},"end":{"line":37,"column":null}},"17":{"start":{"line":43,"column":8},"end":{"line":43,"column":38}},"18":{"start":{"line":44,"column":2},"end":{"line":57,"column":null}},"19":{"start":{"line":46,"column":4},"end":{"line":46,"column":32}},"20":{"start":{"line":48,"column":22},"end":{"line":48,"column":94}},"21":{"start":{"line":49,"column":6},"end":{"line":52,"column":null}},"22":{"start":{"line":50,"column":8},"end":{"line":52,"column":null}},"23":{"start":{"line":51,"column":23},"end":{"line":51,"column":78}},"24":{"start":{"line":51,"column":46},"end":{"line":51,"column":77}},"25":{"start":{"line":52,"column":10},"end":{"line":52,"column":null}},"26":{"start":{"line":52,"column":20},"end":{"line":52,"column":null}},"27":{"start":{"line":55,"column":6},"end":{"line":55,"column":null}},"28":{"start":{"line":61,"column":8},"end":{"line":67,"column":4}},"29":{"start":{"line":62,"column":30},"end":{"line":66,"column":7}},"30":{"start":{"line":64,"column":6},"end":{"line":64,"column":42}},"31":{"start":{"line":69,"column":2},"end":{"line":71,"column":null}},"32":{"start":{"line":70,"column":17},"end":{"line":70,"column":24}},"33":{"start":{"line":71,"column":14},"end":{"line":71,"column":26}},"34":{"start":{"line":75,"column":2},"end":{"line":80,"column":null}},"35":{"start":{"line":77,"column":4},"end":{"line":77,"column":41}},"36":{"start":{"line":84,"column":22},"end":{"line":84,"column":35}},"37":{"start":{"line":85,"column":17},"end":{"line":85,"column":null}},"38":{"start":{"line":87,"column":20},"end":{"line":87,"column":68}},"39":{"start":{"line":88,"column":16},"end":{"line":88,"column":62}},"40":{"start":{"line":89,"column":18},"end":{"line":89,"column":65}},"41":{"start":{"line":90,"column":19},"end":{"line":90,"column":67}},"42":{"start":{"line":91,"column":20},"end":{"line":91,"column":69}},"43":{"start":{"line":93,"column":20},"end":{"line":96,"column":null}},"44":{"start":{"line":98,"column":2},"end":{"line":109,"column":null}},"45":{"start":{"line":104,"column":33},"end":{"line":104,"column":41}},"46":{"start":{"line":105,"column":37},"end":{"line":105,"column":44}},"47":{"start":{"line":106,"column":38},"end":{"line":106,"column":45}},"48":{"start":{"line":107,"column":40},"end":{"line":107,"column":null}},"49":{"start":{"line":113,"column":20},"end":{"line":113,"column":31}},"50":{"start":{"line":114,"column":15},"end":{"line":114,"column":null}},"51":{"start":{"line":116,"column":21},"end":{"line":116,"column":69}},"52":{"start":{"line":117,"column":18},"end":{"line":117,"column":63}},"53":{"start":{"line":118,"column":20},"end":{"line":118,"column":67}},"54":{"start":{"line":119,"column":19},"end":{"line":119,"column":65}},"55":{"start":{"line":120,"column":18},"end":{"line":120,"column":63}},"56":{"start":{"line":122,"column":20},"end":{"line":123,"column":null}},"57":{"start":{"line":125,"column":2},"end":{"line":136,"column":null}},"58":{"start":{"line":130,"column":42},"end":{"line":130,"column":49}},"59":{"start":{"line":131,"column":36},"end":{"line":131,"column":43}},"60":{"start":{"line":132,"column":40},"end":{"line":132,"column":47}},"61":{"start":{"line":133,"column":38},"end":{"line":133,"column":45}},"62":{"start":{"line":134,"column":37},"end":{"line":134,"column":null}}},"fnMap":{"0":{"name":"usePeople","decl":{"start":{"line":7,"column":16},"end":{"line":7,"column":26}},"loc":{"start":{"line":7,"column":64},"end":{"line":12,"column":null}},"line":7},"1":{"name":"(anonymous_1)","decl":{"start":{"line":10,"column":4},"end":{"line":10,"column":19}},"loc":{"start":{"line":10,"column":4},"end":{"line":10,"column":54}},"line":10},"2":{"name":"(anonymous_2)","decl":{"start":{"line":11,"column":4},"end":{"line":11,"column":22}},"loc":{"start":{"line":11,"column":39},"end":{"line":11,"column":null}},"line":11},"3":{"name":"useFilms","decl":{"start":{"line":15,"column":16},"end":{"line":15,"column":25}},"loc":{"start":{"line":15,"column":63},"end":{"line":20,"column":null}},"line":15},"4":{"name":"(anonymous_4)","decl":{"start":{"line":18,"column":4},"end":{"line":18,"column":19}},"loc":{"start":{"line":18,"column":4},"end":{"line":18,"column":53}},"line":18},"5":{"name":"(anonymous_5)","decl":{"start":{"line":19,"column":4},"end":{"line":19,"column":22}},"loc":{"start":{"line":19,"column":39},"end":{"line":19,"column":null}},"line":19},"6":{"name":"usePerson","decl":{"start":{"line":23,"column":16},"end":{"line":23,"column":26}},"loc":{"start":{"line":23,"column":38},"end":{"line":39,"column":null}},"line":23},"7":{"name":"(anonymous_7)","decl":{"start":{"line":27,"column":4},"end":{"line":27,"column":19}},"loc":{"start":{"line":27,"column":4},"end":{"line":27,"column":34}},"line":27},"8":{"name":"(anonymous_8)","decl":{"start":{"line":28,"column":4},"end":{"line":28,"column":23}},"loc":{"start":{"line":28,"column":23},"end":{"line":37,"column":null}},"line":28},"9":{"name":"(anonymous_9)","decl":{"start":{"line":33,"column":38},"end":{"line":33,"column":43}},"loc":{"start":{"line":33,"column":48},"end":{"line":33,"column":80}},"line":33},"10":{"name":"useFilm","decl":{"start":{"line":42,"column":16},"end":{"line":42,"column":24}},"loc":{"start":{"line":42,"column":36},"end":{"line":57,"column":null}},"line":42},"11":{"name":"(anonymous_11)","decl":{"start":{"line":46,"column":4},"end":{"line":46,"column":19}},"loc":{"start":{"line":46,"column":4},"end":{"line":46,"column":32}},"line":46},"12":{"name":"(anonymous_12)","decl":{"start":{"line":47,"column":4},"end":{"line":47,"column":23}},"loc":{"start":{"line":47,"column":23},"end":{"line":55,"column":null}},"line":47},"13":{"name":"(anonymous_13)","decl":{"start":{"line":51,"column":36},"end":{"line":51,"column":41}},"loc":{"start":{"line":51,"column":46},"end":{"line":51,"column":77}},"line":51},"14":{"name":"useResources","decl":{"start":{"line":60,"column":16},"end":{"line":60,"column":32}},"loc":{"start":{"line":60,"column":53},"end":{"line":71,"column":null}},"line":60},"15":{"name":"(anonymous_15)","decl":{"start":{"line":62,"column":18},"end":{"line":62,"column":22}},"loc":{"start":{"line":62,"column":30},"end":{"line":66,"column":7}},"line":62},"16":{"name":"(anonymous_16)","decl":{"start":{"line":64,"column":6},"end":{"line":64,"column":21}},"loc":{"start":{"line":64,"column":6},"end":{"line":64,"column":42}},"line":64},"17":{"name":"(anonymous_17)","decl":{"start":{"line":70,"column":5},"end":{"line":70,"column":12}},"loc":{"start":{"line":70,"column":17},"end":{"line":70,"column":24}},"line":70},"18":{"name":"(anonymous_18)","decl":{"start":{"line":71,"column":5},"end":{"line":71,"column":9}},"loc":{"start":{"line":71,"column":14},"end":{"line":71,"column":26}},"line":71},"19":{"name":"useResource","decl":{"start":{"line":74,"column":16},"end":{"line":74,"column":31}},"loc":{"start":{"line":74,"column":56},"end":{"line":80,"column":null}},"line":74},"20":{"name":"(anonymous_20)","decl":{"start":{"line":77,"column":4},"end":{"line":77,"column":19}},"loc":{"start":{"line":77,"column":4},"end":{"line":77,"column":41}},"line":77},"21":{"name":"useCharacterDetail","decl":{"start":{"line":83,"column":16},"end":{"line":83,"column":35}},"loc":{"start":{"line":83,"column":47},"end":{"line":109,"column":null}},"line":83},"22":{"name":"(anonymous_22)","decl":{"start":{"line":104,"column":24},"end":{"line":104,"column":28}},"loc":{"start":{"line":104,"column":33},"end":{"line":104,"column":41}},"line":104},"23":{"name":"(anonymous_23)","decl":{"start":{"line":105,"column":28},"end":{"line":105,"column":32}},"loc":{"start":{"line":105,"column":37},"end":{"line":105,"column":44}},"line":105},"24":{"name":"(anonymous_24)","decl":{"start":{"line":106,"column":29},"end":{"line":106,"column":33}},"loc":{"start":{"line":106,"column":38},"end":{"line":106,"column":45}},"line":106},"25":{"name":"(anonymous_25)","decl":{"start":{"line":107,"column":31},"end":{"line":107,"column":35}},"loc":{"start":{"line":107,"column":40},"end":{"line":107,"column":null}},"line":107},"26":{"name":"useFilmDetail","decl":{"start":{"line":112,"column":16},"end":{"line":112,"column":30}},"loc":{"start":{"line":112,"column":42},"end":{"line":136,"column":null}},"line":112},"27":{"name":"(anonymous_27)","decl":{"start":{"line":130,"column":33},"end":{"line":130,"column":37}},"loc":{"start":{"line":130,"column":42},"end":{"line":130,"column":49}},"line":130},"28":{"name":"(anonymous_28)","decl":{"start":{"line":131,"column":27},"end":{"line":131,"column":31}},"loc":{"start":{"line":131,"column":36},"end":{"line":131,"column":43}},"line":131},"29":{"name":"(anonymous_29)","decl":{"start":{"line":132,"column":31},"end":{"line":132,"column":35}},"loc":{"start":{"line":132,"column":40},"end":{"line":132,"column":47}},"line":132},"30":{"name":"(anonymous_30)","decl":{"start":{"line":133,"column":29},"end":{"line":133,"column":33}},"loc":{"start":{"line":133,"column":38},"end":{"line":133,"column":45}},"line":133},"31":{"name":"(anonymous_31)","decl":{"start":{"line":134,"column":28},"end":{"line":134,"column":32}},"loc":{"start":{"line":134,"column":37},"end":{"line":134,"column":null}},"line":134}},"branchMap":{"0":{"loc":{"start":{"line":7,"column":26},"end":{"line":7,"column":36}},"type":"default-arg","locations":[{"start":{"line":7,"column":33},"end":{"line":7,"column":36}}],"line":7},"1":{"loc":{"start":{"line":7,"column":36},"end":{"line":7,"column":49}},"type":"default-arg","locations":[{"start":{"line":7,"column":45},"end":{"line":7,"column":49}}],"line":7},"2":{"loc":{"start":{"line":7,"column":49},"end":{"line":7,"column":64}},"type":"default-arg","locations":[{"start":{"line":7,"column":60},"end":{"line":7,"column":64}}],"line":7},"3":{"loc":{"start":{"line":15,"column":25},"end":{"line":15,"column":35}},"type":"default-arg","locations":[{"start":{"line":15,"column":32},"end":{"line":15,"column":35}}],"line":15},"4":{"loc":{"start":{"line":15,"column":35},"end":{"line":15,"column":48}},"type":"default-arg","locations":[{"start":{"line":15,"column":44},"end":{"line":15,"column":48}}],"line":15},"5":{"loc":{"start":{"line":15,"column":48},"end":{"line":15,"column":63}},"type":"default-arg","locations":[{"start":{"line":15,"column":59},"end":{"line":15,"column":63}}],"line":15},"6":{"loc":{"start":{"line":32,"column":8},"end":{"line":34,"column":null}},"type":"if","locations":[{"start":{"line":32,"column":8},"end":{"line":34,"column":null}},{"start":{},"end":{}}],"line":32},"7":{"loc":{"start":{"line":34,"column":10},"end":{"line":34,"column":null}},"type":"if","locations":[{"start":{"line":34,"column":10},"end":{"line":34,"column":null}},{"start":{},"end":{}}],"line":34},"8":{"loc":{"start":{"line":50,"column":8},"end":{"line":52,"column":null}},"type":"if","locations":[{"start":{"line":50,"column":8},"end":{"line":52,"column":null}},{"start":{},"end":{}}],"line":50},"9":{"loc":{"start":{"line":52,"column":10},"end":{"line":52,"column":null}},"type":"if","locations":[{"start":{"line":52,"column":10},"end":{"line":52,"column":null}},{"start":{},"end":{}}],"line":52},"10":{"loc":{"start":{"line":60,"column":32},"end":{"line":60,"column":51}},"type":"default-arg","locations":[{"start":{"line":60,"column":49},"end":{"line":60,"column":51}}],"line":60},"11":{"loc":{"start":{"line":93,"column":20},"end":{"line":96,"column":null}},"type":"binary-expr","locations":[{"start":{"line":93,"column":20},"end":{"line":93,"column":null}},{"start":{"line":94,"column":21},"end":{"line":94,"column":44}},{"start":{"line":94,"column":44},"end":{"line":94,"column":null}},{"start":{"line":94,"column":55},"end":{"line":95,"column":57}},{"start":{"line":95,"column":57},"end":{"line":95,"column":null}},{"start":{"line":95,"column":74},"end":{"line":96,"column":59}},{"start":{"line":96,"column":59},"end":{"line":96,"column":null}}],"line":93},"12":{"loc":{"start":{"line":101,"column":10},"end":{"line":108,"column":null}},"type":"cond-expr","locations":[{"start":{"line":101,"column":19},"end":{"line":108,"column":8}},{"start":{"line":108,"column":8},"end":{"line":108,"column":null}}],"line":101},"13":{"loc":{"start":{"line":122,"column":20},"end":{"line":123,"column":null}},"type":"binary-expr","locations":[{"start":{"line":122,"column":20},"end":{"line":122,"column":null}},{"start":{"line":122,"column":30},"end":{"line":123,"column":60}},{"start":{"line":123,"column":60},"end":{"line":123,"column":null}}],"line":122},"14":{"loc":{"start":{"line":128,"column":10},"end":{"line":135,"column":null}},"type":"cond-expr","locations":[{"start":{"line":128,"column":17},"end":{"line":135,"column":8}},{"start":{"line":135,"column":8},"end":{"line":135,"column":null}}],"line":128}},"s":{"0":2,"1":1,"2":5,"3":2,"4":1,"5":5,"6":5,"7":5,"8":2,"9":8,"10":8,"11":0,"12":0,"13":0,"14":0,"15":0,"16":8,"17":5,"18":5,"19":2,"20":8,"21":8,"22":0,"23":0,"24":0,"25":0,"26":0,"27":8,"28":29,"29":8,"30":4,"31":29,"32":8,"33":4,"34":6,"35":2,"36":3,"37":3,"38":3,"39":3,"40":3,"41":3,"42":3,"43":3,"44":3,"45":1,"46":0,"47":0,"48":0,"49":3,"50":3,"51":3,"52":3,"53":3,"54":3,"55":3,"56":3,"57":3,"58":1,"59":0,"60":0,"61":0,"62":0},"f":{"0":2,"1":1,"2":5,"3":2,"4":1,"5":5,"6":5,"7":2,"8":8,"9":0,"10":5,"11":2,"12":8,"13":0,"14":29,"15":8,"16":4,"17":8,"18":4,"19":6,"20":2,"21":3,"22":1,"23":0,"24":0,"25":0,"26":3,"27":1,"28":0,"29":0,"30":0,"31":0},"b":{"0":[2],"1":[2],"2":[2],"3":[2],"4":[2],"5":[2],"6":[0,0],"7":[0,0],"8":[0,0],"9":[0,0],"10":[29],"11":[3,2,2,1,1,1,0],"12":[2,1],"13":[3,2,2],"14":[2,1]},"meta":{"lastBranch":15,"lastFunction":32,"lastStatement":63,"seen":{"f:7:16:7:26":0,"b:7:33:7:36":0,"b:7:45:7:49":1,"b:7:60:7:64":2,"s:8:2:12:Infinity":0,"f:10:4:10:19":1,"s:10:4:10:54":1,"f:11:4:11:22":2,"s:11:39:11:Infinity":2,"f:15:16:15:25":3,"b:15:32:15:35":3,"b:15:44:15:48":4,"b:15:59:15:63":5,"s:16:2:20:Infinity":3,"f:18:4:18:19":4,"s:18:4:18:53":4,"f:19:4:19:22":5,"s:19:39:19:Infinity":5,"f:23:16:23:26":6,"s:24:8:24:38":6,"s:25:2:39:Infinity":7,"f:27:4:27:19":7,"s:27:4:27:34":8,"f:28:4:28:23":8,"s:30:22:30:97":9,"s:31:6:34:Infinity":10,"b:32:8:34:Infinity:undefined:undefined:undefined:undefined":6,"s:32:8:34:Infinity":11,"s:33:25:33:81":12,"f:33:38:33:43":9,"s:33:48:33:80":13,"b:34:10:34:Infinity:undefined:undefined:undefined:undefined":7,"s:34:10:34:Infinity":14,"s:34:22:34:Infinity":15,"s:37:6:37:Infinity":16,"f:42:16:42:24":10,"s:43:8:43:38":17,"s:44:2:57:Infinity":18,"f:46:4:46:19":11,"s:46:4:46:32":19,"f:47:4:47:23":12,"s:48:22:48:94":20,"s:49:6:52:Infinity":21,"b:50:8:52:Infinity:undefined:undefined:undefined:undefined":8,"s:50:8:52:Infinity":22,"s:51:23:51:78":23,"f:51:36:51:41":13,"s:51:46:51:77":24,"b:52:10:52:Infinity:undefined:undefined:undefined:undefined":9,"s:52:10:52:Infinity":25,"s:52:20:52:Infinity":26,"s:55:6:55:Infinity":27,"f:60:16:60:32":14,"b:60:49:60:51":10,"s:61:8:67:4":28,"f:62:18:62:22":15,"s:62:30:66:7":29,"f:64:6:64:21":16,"s:64:6:64:42":30,"s:69:2:71:Infinity":31,"f:70:5:70:12":17,"s:70:17:70:24":32,"f:71:5:71:9":18,"s:71:14:71:26":33,"f:74:16:74:31":19,"s:75:2:80:Infinity":34,"f:77:4:77:19":20,"s:77:4:77:41":35,"f:83:16:83:35":21,"s:84:22:84:35":36,"s:85:17:85:Infinity":37,"s:87:20:87:68":38,"s:88:16:88:62":39,"s:89:18:89:65":40,"s:90:19:90:67":41,"s:91:20:91:69":42,"s:93:20:96:Infinity":43,"b:93:20:93:Infinity:94:21:94:44:94:44:94:Infinity:94:55:95:57:95:57:95:Infinity:95:74:96:59:96:59:96:Infinity":11,"s:98:2:109:Infinity":44,"b:101:19:108:8:108:8:108:Infinity":12,"f:104:24:104:28":22,"s:104:33:104:41":45,"f:105:28:105:32":23,"s:105:37:105:44":46,"f:106:29:106:33":24,"s:106:38:106:45":47,"f:107:31:107:35":25,"s:107:40:107:Infinity":48,"f:112:16:112:30":26,"s:113:20:113:31":49,"s:114:15:114:Infinity":50,"s:116:21:116:69":51,"s:117:18:117:63":52,"s:118:20:118:67":53,"s:119:19:119:65":54,"s:120:18:120:63":55,"s:122:20:123:Infinity":56,"b:122:20:122:Infinity:122:30:123:60:123:60:123:Infinity":13,"s:125:2:136:Infinity":57,"b:128:17:135:8:135:8:135:Infinity":14,"f:130:33:130:37":27,"s:130:42:130:49":58,"f:131:27:131:31":28,"s:131:36:131:43":59,"f:132:31:132:35":29,"s:132:40:132:47":60,"f:133:29:133:33":30,"s:133:38:133:45":61,"f:134:28:134:32":31,"s:134:37:134:Infinity":62}}}
,"C:\\Users\\aggel\\Desktop\\Frontend_Developer_Technical_Assessmentder\\swapi-app\\src\\lib\\api.ts": {"path":"C:\\Users\\aggel\\Desktop\\Frontend_Developer_Technical_Assessmentder\\swapi-app\\src\\lib\\api.ts","statementMap":{"0":{"start":{"line":7,"column":18},"end":{"line":9,"column":null}},"1":{"start":{"line":13,"column":26},"end":{"line":13,"column":null}},"2":{"start":{"line":15,"column":13},"end":{"line":16,"column":null}},"3":{"start":{"line":16,"column":2},"end":{"line":16,"column":null}},"4":{"start":{"line":29,"column":6},"end":{"line":41,"column":null}},"5":{"start":{"line":30,"column":2},"end":{"line":31,"column":null}},"6":{"start":{"line":31,"column":4},"end":{"line":31,"column":null}},"7":{"start":{"line":35,"column":2},"end":{"line":41,"column":null}},"8":{"start":{"line":36,"column":16},"end":{"line":36,"column":34}},"9":{"start":{"line":37,"column":17},"end":{"line":37,"column":null}},"10":{"start":{"line":39,"column":4},"end":{"line":39,"column":null}},"11":{"start":{"line":41,"column":4},"end":{"line":41,"column":null}},"12":{"start":{"line":48,"column":16},"end":{"line":100,"column":null}},"13":{"start":{"line":49,"column":15},"end":{"line":49,"column":33}},"14":{"start":{"line":50,"column":14},"end":{"line":50,"column":24}},"15":{"start":{"line":51,"column":94},"end":{"line":51,"column":116}},"16":{"start":{"line":52,"column":30},"end":{"line":52,"column":null}},"17":{"start":{"line":55,"column":2},"end":{"line":69,"column":null}},"18":{"start":{"line":56,"column":4},"end":{"line":69,"column":null}},"19":{"start":{"line":57,"column":23},"end":{"line":57,"column":76}},"20":{"start":{"line":58,"column":6},"end":{"line":58,"column":null}},"21":{"start":{"line":58,"column":31},"end":{"line":58,"column":null}},"22":{"start":{"line":59,"column":6},"end":{"line":59,"column":null}},"23":{"start":{"line":61,"column":6},"end":{"line":61,"column":null}},"24":{"start":{"line":62,"column":6},"end":{"line":62,"column":null}},"25":{"start":{"line":63,"column":6},"end":{"line":63,"column":null}},"26":{"start":{"line":65,"column":6},"end":{"line":69,"column":null}},"27":{"start":{"line":74,"column":2},"end":{"line":100,"column":null}},"28":{"start":{"line":75,"column":21},"end":{"line":75,"column":74}},"29":{"start":{"line":78,"column":31},"end":{"line":78,"column":null}},"30":{"start":{"line":80,"column":4},"end":{"line":87,"column":null}},"31":{"start":{"line":81,"column":24},"end":{"line":81,"column":93}},"32":{"start":{"line":82,"column":6},"end":{"line":86,"column":null}},"33":{"start":{"line":87,"column":6},"end":{"line":87,"column":null}},"34":{"start":{"line":90,"column":4},"end":{"line":90,"column":null}},"35":{"start":{"line":92,"column":4},"end":{"line":92,"column":null}},"36":{"start":{"line":94,"column":4},"end":{"line":98,"column":null}},"37":{"start":{"line":100,"column":4},"end":{"line":100,"column":null}},"38":{"start":{"line":113,"column":26},"end":{"line":113,"column":50}},"39":{"start":{"line":114,"column":8},"end":{"line":114,"column":null}},"40":{"start":{"line":117,"column":24},"end":{"line":120,"column":4}},"41":{"start":{"line":122,"column":21},"end":{"line":122,"column":null}},"42":{"start":{"line":123,"column":18},"end":{"line":123,"column":44}},"43":{"start":{"line":128,"column":27},"end":{"line":128,"column":null}},"44":{"start":{"line":130,"column":2},"end":{"line":131,"column":null}},"45":{"start":{"line":131,"column":4},"end":{"line":131,"column":null}},"46":{"start":{"line":134,"column":32},"end":{"line":134,"column":64}},"47":{"start":{"line":135,"column":26},"end":{"line":135,"column":28}},"48":{"start":{"line":137,"column":2},"end":{"line":143,"column":null}},"49":{"start":{"line":137,"column":15},"end":{"line":137,"column":18}},"50":{"start":{"line":138,"column":24},"end":{"line":138,"column":null}},"51":{"start":{"line":140,"column":4},"end":{"line":143,"column":null}},"52":{"start":{"line":141,"column":6},"end":{"line":143,"column":null}},"53":{"start":{"line":147,"column":2},"end":{"line":149,"column":null}},"54":{"start":{"line":148,"column":32},"end":{"line":148,"column":66}},"55":{"start":{"line":149,"column":4},"end":{"line":149,"column":null}},"56":{"start":{"line":149,"column":37},"end":{"line":149,"column":63}},"57":{"start":{"line":152,"column":2},"end":{"line":157,"column":null}},"58":{"start":{"line":160,"column":27},"end":{"line":165,"column":null}},"59":{"start":{"line":165,"column":2},"end":{"line":165,"column":null}},"60":{"start":{"line":168,"column":26},"end":{"line":173,"column":null}},"61":{"start":{"line":173,"column":2},"end":{"line":173,"column":null}},"62":{"start":{"line":176,"column":27},"end":{"line":177,"column":null}},"63":{"start":{"line":177,"column":2},"end":{"line":177,"column":null}},"64":{"start":{"line":180,"column":25},"end":{"line":181,"column":null}},"65":{"start":{"line":181,"column":2},"end":{"line":181,"column":null}},"66":{"start":{"line":184,"column":29},"end":{"line":185,"column":null}},"67":{"start":{"line":185,"column":2},"end":{"line":185,"column":null}}},"fnMap":{"0":{"name":"(anonymous_0)","decl":{"start":{"line":15,"column":13},"end":{"line":15,"column":38}},"loc":{"start":{"line":15,"column":38},"end":{"line":16,"column":null}},"line":15},"1":{"name":"(anonymous_1)","decl":{"start":{"line":29,"column":6},"end":{"line":29,"column":17}},"loc":{"start":{"line":29,"column":47},"end":{"line":41,"column":null}},"line":29},"2":{"name":"(anonymous_2)","decl":{"start":{"line":48,"column":16},"end":{"line":48,"column":26}},"loc":{"start":{"line":48,"column":94},"end":{"line":100,"column":null}},"line":48},"3":{"name":"fetchMultiPage","decl":{"start":{"line":107,"column":15},"end":{"line":107,"column":null}},"loc":{"start":{"line":112,"column":29},"end":{"line":157,"column":null}},"line":112},"4":{"name":"(anonymous_4)","decl":{"start":{"line":149,"column":24},"end":{"line":149,"column":32}},"loc":{"start":{"line":149,"column":37},"end":{"line":149,"column":63}},"line":149},"5":{"name":"(anonymous_5)","decl":{"start":{"line":160,"column":27},"end":{"line":160,"column":null}},"loc":{"start":{"line":164,"column":37},"end":{"line":165,"column":null}},"line":164},"6":{"name":"(anonymous_6)","decl":{"start":{"line":168,"column":26},"end":{"line":168,"column":null}},"loc":{"start":{"line":172,"column":35},"end":{"line":173,"column":null}},"line":172},"7":{"name":"(anonymous_7)","decl":{"start":{"line":176,"column":27},"end":{"line":176,"column":34}},"loc":{"start":{"line":176,"column":66},"end":{"line":177,"column":null}},"line":176},"8":{"name":"(anonymous_8)","decl":{"start":{"line":180,"column":25},"end":{"line":180,"column":32}},"loc":{"start":{"line":180,"column":62},"end":{"line":181,"column":null}},"line":180},"9":{"name":"(anonymous_9)","decl":{"start":{"line":184,"column":29},"end":{"line":184,"column":39}},"loc":{"start":{"line":184,"column":67},"end":{"line":185,"column":null}},"line":184}},"branchMap":{"0":{"loc":{"start":{"line":30,"column":2},"end":{"line":31,"column":null}},"type":"if","locations":[{"start":{"line":30,"column":2},"end":{"line":31,"column":null}},{"start":{},"end":{}}],"line":30},"1":{"loc":{"start":{"line":31,"column":11},"end":{"line":31,"column":null}},"type":"cond-expr","locations":[{"start":{"line":31,"column":39},"end":{"line":31,"column":51}},{"start":{"line":31,"column":51},"end":{"line":31,"column":null}}],"line":31},"2":{"loc":{"start":{"line":55,"column":2},"end":{"line":69,"column":null}},"type":"if","locations":[{"start":{"line":55,"column":2},"end":{"line":69,"column":null}},{"start":{},"end":{}}],"line":55},"3":{"loc":{"start":{"line":58,"column":6},"end":{"line":58,"column":null}},"type":"if","locations":[{"start":{"line":58,"column":6},"end":{"line":58,"column":null}},{"start":{},"end":{}}],"line":58},"4":{"loc":{"start":{"line":80,"column":4},"end":{"line":87,"column":null}},"type":"if","locations":[{"start":{"line":80,"column":4},"end":{"line":87,"column":null}},{"start":{},"end":{}}],"line":80},"5":{"loc":{"start":{"line":130,"column":2},"end":{"line":131,"column":null}},"type":"if","locations":[{"start":{"line":130,"column":2},"end":{"line":131,"column":null}},{"start":{},"end":{}}],"line":130},"6":{"loc":{"start":{"line":140,"column":4},"end":{"line":143,"column":null}},"type":"if","locations":[{"start":{"line":140,"column":4},"end":{"line":143,"column":null}},{"start":{},"end":{}}],"line":140},"7":{"loc":{"start":{"line":147,"column":2},"end":{"line":149,"column":null}},"type":"if","locations":[{"start":{"line":147,"column":2},"end":{"line":149,"column":null}},{"start":{},"end":{}}],"line":147},"8":{"loc":{"start":{"line":154,"column":10},"end":{"line":154,"column":null}},"type":"cond-expr","locations":[{"start":{"line":154,"column":40},"end":{"line":154,"column":53}},{"start":{"line":154,"column":53},"end":{"line":154,"column":null}}],"line":154},"9":{"loc":{"start":{"line":161,"column":2},"end":{"line":161,"column":null}},"type":"default-arg","locations":[{"start":{"line":161,"column":9},"end":{"line":161,"column":null}}],"line":161},"10":{"loc":{"start":{"line":162,"column":2},"end":{"line":162,"column":null}},"type":"default-arg","locations":[{"start":{"line":162,"column":11},"end":{"line":162,"column":null}}],"line":162},"11":{"loc":{"start":{"line":163,"column":2},"end":{"line":163,"column":null}},"type":"default-arg","locations":[{"start":{"line":163,"column":13},"end":{"line":163,"column":null}}],"line":163},"12":{"loc":{"start":{"line":169,"column":2},"end":{"line":169,"column":null}},"type":"default-arg","locations":[{"start":{"line":169,"column":9},"end":{"line":169,"column":null}}],"line":169},"13":{"loc":{"start":{"line":170,"column":2},"end":{"line":170,"column":null}},"type":"default-arg","locations":[{"start":{"line":170,"column":11},"end":{"line":170,"column":null}}],"line":170},"14":{"loc":{"start":{"line":171,"column":2},"end":{"line":171,"column":null}},"type":"default-arg","locations":[{"start":{"line":171,"column":13},"end":{"line":171,"column":null}}],"line":171}},"s":{"0":2,"1":2,"2":2,"3":0,"4":2,"5":10,"6":10,"7":0,"8":0,"9":0,"10":0,"11":0,"12":2,"13":10,"14":10,"15":10,"16":10,"17":10,"18":9,"19":9,"20":7,"21":0,"22":7,"23":2,"24":2,"25":2,"26":2,"27":3,"28":3,"29":2,"30":2,"31":2,"32":2,"33":2,"34":2,"35":1,"36":1,"37":1,"38":7,"39":7,"40":7,"41":6,"42":6,"43":6,"44":6,"45":5,"46":1,"47":1,"48":1,"49":1,"50":1,"51":1,"52":1,"53":1,"54":1,"55":1,"56":1,"57":1,"58":2,"59":6,"60":2,"61":1,"62":2,"63":1,"64":2,"65":1,"66":2,"67":0},"f":{"0":0,"1":10,"2":10,"3":7,"4":1,"5":6,"6":1,"7":1,"8":1,"9":0},"b":{"0":[10,0],"1":[10,0],"2":[9,1],"3":[0,7],"4":[2,0],"5":[5,1],"6":[1,0],"7":[1,0],"8":[0,1],"9":[6],"10":[6],"11":[6],"12":[1],"13":[1],"14":[1]},"meta":{"lastBranch":15,"lastFunction":10,"lastStatement":68,"seen":{"s:7:18:9:Infinity":0,"s:13:26:13:Infinity":1,"s:15:13:16:Infinity":2,"f:15:13:15:38":0,"s:16:2:16:Infinity":3,"s:29:6:41:Infinity":4,"f:29:6:29:17":1,"b:30:2:31:Infinity:undefined:undefined:undefined:undefined":0,"s:30:2:31:Infinity":5,"s:31:4:31:Infinity":6,"b:31:39:31:51:31:51:31:Infinity":1,"s:35:2:41:Infinity":7,"s:36:16:36:34":8,"s:37:17:37:Infinity":9,"s:39:4:39:Infinity":10,"s:41:4:41:Infinity":11,"s:48:16:100:Infinity":12,"f:48:16:48:26":2,"s:49:15:49:33":13,"s:50:14:50:24":14,"s:51:94:51:116":15,"s:52:30:52:Infinity":16,"b:55:2:69:Infinity:undefined:undefined:undefined:undefined":2,"s:55:2:69:Infinity":17,"s:56:4:69:Infinity":18,"s:57:23:57:76":19,"b:58:6:58:Infinity:undefined:undefined:undefined:undefined":3,"s:58:6:58:Infinity":20,"s:58:31:58:Infinity":21,"s:59:6:59:Infinity":22,"s:61:6:61:Infinity":23,"s:62:6:62:Infinity":24,"s:63:6:63:Infinity":25,"s:65:6:69:Infinity":26,"s:74:2:100:Infinity":27,"s:75:21:75:74":28,"s:78:31:78:Infinity":29,"b:80:4:87:Infinity:undefined:undefined:undefined:undefined":4,"s:80:4:87:Infinity":30,"s:81:24:81:93":31,"s:82:6:86:Infinity":32,"s:87:6:87:Infinity":33,"s:90:4:90:Infinity":34,"s:92:4:92:Infinity":35,"s:94:4:98:Infinity":36,"s:100:4:100:Infinity":37,"f:107:15:107:Infinity":3,"s:113:26:113:50":38,"s:114:8:114:Infinity":39,"s:117:24:120:4":40,"s:122:21:122:Infinity":41,"s:123:18:123:44":42,"s:128:27:128:Infinity":43,"b:130:2:131:Infinity:undefined:undefined:undefined:undefined":5,"s:130:2:131:Infinity":44,"s:131:4:131:Infinity":45,"s:134:32:134:64":46,"s:135:26:135:28":47,"s:137:2:143:Infinity":48,"s:137:15:137:18":49,"s:138:24:138:Infinity":50,"b:140:4:143:Infinity:undefined:undefined:undefined:undefined":6,"s:140:4:143:Infinity":51,"s:141:6:143:Infinity":52,"b:147:2:149:Infinity:undefined:undefined:undefined:undefined":7,"s:147:2:149:Infinity":53,"s:148:32:148:66":54,"s:149:4:149:Infinity":55,"f:149:24:149:32":4,"s:149:37:149:63":56,"s:152:2:157:Infinity":57,"b:154:40:154:53:154:53:154:Infinity":8,"s:160:27:165:Infinity":58,"f:160:27:160:Infinity":5,"b:161:9:161:Infinity":9,"b:162:11:162:Infinity":10,"b:163:13:163:Infinity":11,"s:165:2:165:Infinity":59,"s:168:26:173:Infinity":60,"f:168:26:168:Infinity":6,"b:169:9:169:Infinity":12,"b:170:11:170:Infinity":13,"b:171:13:171:Infinity":14,"s:173:2:173:Infinity":61,"s:176:27:177:Infinity":62,"f:176:27:176:34":7,"s:177:2:177:Infinity":63,"s:180:25:181:Infinity":64,"f:180:25:180:32":8,"s:181:2:181:Infinity":65,"s:184:29:185:Infinity":66,"f:184:29:184:39":9,"s:185:2:185:Infinity":67}}}
,"C:\\Users\\aggel\\Desktop\\Frontend_Developer_Technical_Assessmentder\\swapi-app\\src\\lib\\utils.ts": {"path":"C:\\Users\\aggel\\Desktop\\Frontend_Developer_Technical_Assessmentder\\swapi-app\\src\\lib\\utils.ts","statementMap":{"0":{"start":{"line":5,"column":2},"end":{"line":5,"column":null}},"1":{"start":{"line":9,"column":2},"end":{"line":9,"column":null}},"2":{"start":{"line":9,"column":19},"end":{"line":9,"column":null}},"3":{"start":{"line":10,"column":15},"end":{"line":10,"column":null}},"4":{"start":{"line":11,"column":2},"end":{"line":11,"column":null}},"5":{"start":{"line":11,"column":29},"end":{"line":11,"column":null}},"6":{"start":{"line":13,"column":14},"end":{"line":13,"column":53}},"7":{"start":{"line":14,"column":16},"end":{"line":14,"column":60}},"8":{"start":{"line":15,"column":15},"end":{"line":15,"column":33}},"9":{"start":{"line":17,"column":2},"end":{"line":17,"column":null}}},"fnMap":{"0":{"name":"cn","decl":{"start":{"line":4,"column":16},"end":{"line":4,"column":19}},"loc":{"start":{"line":4,"column":44},"end":{"line":5,"column":null}},"line":4},"1":{"name":"formatDate","decl":{"start":{"line":8,"column":16},"end":{"line":8,"column":27}},"loc":{"start":{"line":8,"column":54},"end":{"line":17,"column":null}},"line":8}},"branchMap":{"0":{"loc":{"start":{"line":9,"column":2},"end":{"line":9,"column":null}},"type":"if","locations":[{"start":{"line":9,"column":2},"end":{"line":9,"column":null}},{"start":{},"end":{}}],"line":9},"1":{"loc":{"start":{"line":10,"column":15},"end":{"line":10,"column":null}},"type":"cond-expr","locations":[{"start":{"line":10,"column":48},"end":{"line":10,"column":68}},{"start":{"line":10,"column":71},"end":{"line":10,"column":null}}],"line":10},"2":{"loc":{"start":{"line":11,"column":2},"end":{"line":11,"column":null}},"type":"if","locations":[{"start":{"line":11,"column":2},"end":{"line":11,"column":null}},{"start":{},"end":{}}],"line":11}},"s":{"0":147,"1":28,"2":3,"3":25,"4":28,"5":1,"6":24,"7":24,"8":24,"9":24},"f":{"0":147,"1":28},"b":{"0":[3,25],"1":[24,1],"2":[1,27]},"meta":{"lastBranch":3,"lastFunction":2,"lastStatement":10,"seen":{"f:4:16:4:19":0,"s:5:2:5:Infinity":0,"f:8:16:8:27":1,"b:9:2:9:Infinity:undefined:undefined:undefined:undefined":0,"s:9:2:9:Infinity":1,"s:9:19:9:Infinity":2,"s:10:15:10:Infinity":3,"b:10:48:10:68:10:71:10:Infinity":1,"b:11:2:11:Infinity:undefined:undefined:undefined:undefined":2,"s:11:2:11:Infinity":4,"s:11:29:11:Infinity":5,"s:13:14:13:53":6,"s:14:16:14:60":7,"s:15:15:15:33":8,"s:17:2:17:Infinity":9}}}
,"C:\\Users\\aggel\\Desktop\\Frontend_Developer_Technical_Assessmentder\\swapi-app\\src\\pages\\CharacterDetailPage.tsx": {"path":"C:\\Users\\aggel\\Desktop\\Frontend_Developer_Technical_Assessmentder\\swapi-app\\src\\pages\\CharacterDetailPage.tsx","statementMap":{"0":{"start":{"line":10,"column":10},"end":{"line":10,"column":44}},"1":{"start":{"line":11,"column":27},"end":{"line":11,"column":62}},"2":{"start":{"line":13,"column":2},"end":{"line":17,"column":null}},"3":{"start":{"line":14,"column":4},"end":{"line":17,"column":null}},"4":{"start":{"line":21,"column":2},"end":{"line":25,"column":null}},"5":{"start":{"line":22,"column":4},"end":{"line":25,"column":null}},"6":{"start":{"line":29,"column":2},"end":{"line":49,"column":null}}},"fnMap":{"0":{"name":"CharacterDetailPage","decl":{"start":{"line":9,"column":24},"end":{"line":9,"column":46}},"loc":{"start":{"line":9,"column":46},"end":{"line":49,"column":null}},"line":9}},"branchMap":{"0":{"loc":{"start":{"line":13,"column":2},"end":{"line":17,"column":null}},"type":"if","locations":[{"start":{"line":13,"column":2},"end":{"line":17,"column":null}},{"start":{},"end":{}}],"line":13},"1":{"loc":{"start":{"line":21,"column":2},"end":{"line":25,"column":null}},"type":"if","locations":[{"start":{"line":21,"column":2},"end":{"line":25,"column":null}},{"start":{},"end":{}}],"line":21},"2":{"loc":{"start":{"line":21,"column":6},"end":{"line":21,"column":22}},"type":"binary-expr","locations":[{"start":{"line":21,"column":6},"end":{"line":21,"column":17}},{"start":{"line":21,"column":17},"end":{"line":21,"column":22}}],"line":21},"3":{"loc":{"start":{"line":40,"column":26},"end":{"line":40,"column":null}},"type":"binary-expr","locations":[{"start":{"line":40,"column":26},"end":{"line":40,"column":52}},{"start":{"line":40,"column":52},"end":{"line":40,"column":null}}],"line":40}},"s":{"0":3,"1":3,"2":3,"3":1,"4":2,"5":1,"6":1},"f":{"0":3},"b":{"0":[1,2],"1":[1,1],"2":[2,1],"3":[1,0]},"meta":{"lastBranch":4,"lastFunction":1,"lastStatement":7,"seen":{"f:9:24:9:46":0,"s:10:10:10:44":0,"s:11:27:11:62":1,"b:13:2:17:Infinity:undefined:undefined:undefined:undefined":0,"s:13:2:17:Infinity":2,"s:14:4:17:Infinity":3,"b:21:2:25:Infinity:undefined:undefined:undefined:undefined":1,"s:21:2:25:Infinity":4,"b:21:6:21:17:21:17:21:22":2,"s:22:4:25:Infinity":5,"s:29:2:49:Infinity":6,"b:40:26:40:52:40:52:40:Infinity":3}}}
,"C:\\Users\\aggel\\Desktop\\Frontend_Developer_Technical_Assessmentder\\swapi-app\\src\\pages\\FavoritesPage.tsx": {"path":"C:\\Users\\aggel\\Desktop\\Frontend_Developer_Technical_Assessmentder\\swapi-app\\src\\pages\\FavoritesPage.tsx","statementMap":{"0":{"start":{"line":10,"column":21},"end":{"line":10,"column":54}},"1":{"start":{"line":11,"column":17},"end":{"line":11,"column":75}},"2":{"start":{"line":13,"column":8},"end":{"line":15,"column":null}},"3":{"start":{"line":14,"column":4},"end":{"line":14,"column":null}},"4":{"start":{"line":15,"column":4},"end":{"line":15,"column":null}},"5":{"start":{"line":18,"column":28},"end":{"line":19,"column":null}},"6":{"start":{"line":19,"column":4},"end":{"line":19,"column":null}},"7":{"start":{"line":22,"column":22},"end":{"line":26,"column":null}},"8":{"start":{"line":28,"column":2},"end":{"line":132,"column":null}},"9":{"start":{"line":45,"column":16},"end":{"line":57,"column":null}},"10":{"start":{"line":47,"column":33},"end":{"line":47,"column":51}},"11":{"start":{"line":83,"column":33},"end":{"line":83,"column":49}},"12":{"start":{"line":93,"column":16},"end":{"line":126,"column":null}},"13":{"start":{"line":113,"column":37},"end":{"line":113,"column":55}}},"fnMap":{"0":{"name":"FavoritesPage","decl":{"start":{"line":9,"column":24},"end":{"line":9,"column":40}},"loc":{"start":{"line":9,"column":40},"end":{"line":132,"column":null}},"line":9},"1":{"name":"(anonymous_1)","decl":{"start":{"line":13,"column":8},"end":{"line":13,"column":24}},"loc":{"start":{"line":13,"column":47},"end":{"line":15,"column":null}},"line":13},"2":{"name":"(anonymous_2)","decl":{"start":{"line":18,"column":38},"end":{"line":18,"column":45}},"loc":{"start":{"line":19,"column":4},"end":{"line":19,"column":null}},"line":19},"3":{"name":"(anonymous_3)","decl":{"start":{"line":44,"column":27},"end":{"line":44,"column":32}},"loc":{"start":{"line":45,"column":16},"end":{"line":57,"column":null}},"line":45},"4":{"name":"(anonymous_4)","decl":{"start":{"line":47,"column":18},"end":{"line":47,"column":33}},"loc":{"start":{"line":47,"column":33},"end":{"line":47,"column":51}},"line":47},"5":{"name":"(anonymous_5)","decl":{"start":{"line":83,"column":18},"end":{"line":83,"column":33}},"loc":{"start":{"line":83,"column":33},"end":{"line":83,"column":49}},"line":83},"6":{"name":"(anonymous_6)","decl":{"start":{"line":92,"column":33},"end":{"line":92,"column":38}},"loc":{"start":{"line":93,"column":16},"end":{"line":126,"column":null}},"line":93},"7":{"name":"(anonymous_7)","decl":{"start":{"line":113,"column":22},"end":{"line":113,"column":37}},"loc":{"start":{"line":113,"column":37},"end":{"line":113,"column":55}},"line":113}},"branchMap":{"0":{"loc":{"start":{"line":19,"column":4},"end":{"line":19,"column":null}},"type":"cond-expr","locations":[{"start":{"line":19,"column":23},"end":{"line":19,"column":30}},{"start":{"line":19,"column":30},"end":{"line":19,"column":null}}],"line":19},"1":{"loc":{"start":{"line":50,"column":20},"end":{"line":52,"column":null}},"type":"cond-expr","locations":[{"start":{"line":51,"column":24},"end":{"line":51,"column":null}},{"start":{"line":52,"column":24},"end":{"line":52,"column":null}}],"line":50},"2":{"loc":{"start":{"line":62,"column":11},"end":{"line":128,"column":null}},"type":"cond-expr","locations":[{"start":{"line":63,"column":12},"end":{"line":76,"column":32}},{"start":{"line":76,"column":14},"end":{"line":128,"column":null}}],"line":62},"3":{"loc":{"start":{"line":76,"column":14},"end":{"line":128,"column":null}},"type":"cond-expr","locations":[{"start":{"line":77,"column":12},"end":{"line":91,"column":13}},{"start":{"line":91,"column":12},"end":{"line":128,"column":null}}],"line":76},"4":{"loc":{"start":{"line":79,"column":27},"end":{"line":79,"column":75}},"type":"cond-expr","locations":[{"start":{"line":79,"column":52},"end":{"line":79,"column":67}},{"start":{"line":79,"column":67},"end":{"line":79,"column":75}}],"line":79},"5":{"loc":{"start":{"line":120,"column":30},"end":{"line":120,"column":81}},"type":"cond-expr","locations":[{"start":{"line":120,"column":58},"end":{"line":120,"column":73}},{"start":{"line":120,"column":73},"end":{"line":120,"column":81}}],"line":120}},"s":{"0":5,"1":5,"2":5,"3":1,"4":1,"5":5,"6":8,"7":5,"8":5,"9":15,"10":1,"11":0,"12":7,"13":1},"f":{"0":5,"1":1,"2":8,"3":15,"4":1,"5":0,"6":7,"7":1},"b":{"0":[6,2],"1":[5,10],"2":[1,4],"3":[0,4],"4":[0,0],"5":[4,3]},"meta":{"lastBranch":6,"lastFunction":8,"lastStatement":14,"seen":{"f:9:24:9:40":0,"s:10:21:10:54":0,"s:11:17:11:75":1,"s:13:8:15:Infinity":2,"f:13:8:13:24":1,"s:14:4:14:Infinity":3,"s:15:4:15:Infinity":4,"s:18:28:19:Infinity":5,"f:18:38:18:45":2,"s:19:4:19:Infinity":6,"b:19:23:19:30:19:30:19:Infinity":0,"s:22:22:26:Infinity":7,"s:28:2:132:Infinity":8,"f:44:27:44:32":3,"s:45:16:57:Infinity":9,"f:47:18:47:33":4,"s:47:33:47:51":10,"b:51:24:51:Infinity:52:24:52:Infinity":1,"b:63:12:76:32:76:14:128:Infinity":2,"b:77:12:91:13:91:12:128:Infinity":3,"b:79:52:79:67:79:67:79:75":4,"f:83:18:83:33":5,"s:83:33:83:49":11,"f:92:33:92:38":6,"s:93:16:126:Infinity":12,"f:113:22:113:37":7,"s:113:37:113:55":13,"b:120:58:120:73:120:73:120:81":5}}}
,"C:\\Users\\aggel\\Desktop\\Frontend_Developer_Technical_Assessmentder\\swapi-app\\src\\pages\\FilmDetailPage.tsx": {"path":"C:\\Users\\aggel\\Desktop\\Frontend_Developer_Technical_Assessmentder\\swapi-app\\src\\pages\\FilmDetailPage.tsx","statementMap":{"0":{"start":{"line":10,"column":10},"end":{"line":10,"column":44}},"1":{"start":{"line":11,"column":27},"end":{"line":11,"column":57}},"2":{"start":{"line":13,"column":2},"end":{"line":17,"column":null}},"3":{"start":{"line":14,"column":4},"end":{"line":17,"column":null}},"4":{"start":{"line":21,"column":2},"end":{"line":25,"column":null}},"5":{"start":{"line":22,"column":4},"end":{"line":25,"column":null}},"6":{"start":{"line":29,"column":2},"end":{"line":48,"column":null}}},"fnMap":{"0":{"name":"FilmDetailPage","decl":{"start":{"line":9,"column":24},"end":{"line":9,"column":41}},"loc":{"start":{"line":9,"column":41},"end":{"line":48,"column":null}},"line":9}},"branchMap":{"0":{"loc":{"start":{"line":13,"column":2},"end":{"line":17,"column":null}},"type":"if","locations":[{"start":{"line":13,"column":2},"end":{"line":17,"column":null}},{"start":{},"end":{}}],"line":13},"1":{"loc":{"start":{"line":21,"column":2},"end":{"line":25,"column":null}},"type":"if","locations":[{"start":{"line":21,"column":2},"end":{"line":25,"column":null}},{"start":{},"end":{}}],"line":21},"2":{"loc":{"start":{"line":21,"column":6},"end":{"line":21,"column":22}},"type":"binary-expr","locations":[{"start":{"line":21,"column":6},"end":{"line":21,"column":17}},{"start":{"line":21,"column":17},"end":{"line":21,"column":22}}],"line":21}},"s":{"0":3,"1":3,"2":3,"3":1,"4":2,"5":1,"6":1},"f":{"0":3},"b":{"0":[1,2],"1":[1,1],"2":[2,1]},"meta":{"lastBranch":3,"lastFunction":1,"lastStatement":7,"seen":{"f:9:24:9:41":0,"s:10:10:10:44":0,"s:11:27:11:57":1,"b:13:2:17:Infinity:undefined:undefined:undefined:undefined":0,"s:13:2:17:Infinity":2,"s:14:4:17:Infinity":3,"b:21:2:25:Infinity:undefined:undefined:undefined:undefined":1,"s:21:2:25:Infinity":4,"b:21:6:21:17:21:17:21:22":2,"s:22:4:25:Infinity":5,"s:29:2:48:Infinity":6}}}
,"C:\\Users\\aggel\\Desktop\\Frontend_Developer_Technical_Assessmentder\\swapi-app\\src\\pages\\PeoplePage.tsx": {"path":"C:\\Users\\aggel\\Desktop\\Frontend_Developer_Technical_Assessmentder\\swapi-app\\src\\pages\\PeoplePage.tsx","statementMap":{"0":{"start":{"line":8,"column":18},"end":{"line":8,"column":49}},"1":{"start":{"line":9,"column":37},"end":{"line":9,"column":null}},"2":{"start":{"line":11,"column":9},"end":{"line":11,"column":52}},"3":{"start":{"line":13,"column":55},"end":{"line":16,"column":null}},"4":{"start":{"line":19,"column":8},"end":{"line":20,"column":null}},"5":{"start":{"line":20,"column":4},"end":{"line":20,"column":null}},"6":{"start":{"line":23,"column":8},"end":{"line":24,"column":null}},"7":{"start":{"line":24,"column":4},"end":{"line":24,"column":null}},"8":{"start":{"line":27,"column":8},"end":{"line":28,"column":null}},"9":{"start":{"line":28,"column":4},"end":{"line":28,"column":null}},"10":{"start":{"line":31,"column":2},"end":{"line":50,"column":null}}},"fnMap":{"0":{"name":"PeoplePage","decl":{"start":{"line":7,"column":24},"end":{"line":7,"column":37}},"loc":{"start":{"line":7,"column":37},"end":{"line":50,"column":null}},"line":7},"1":{"name":"(anonymous_1)","decl":{"start":{"line":19,"column":8},"end":{"line":19,"column":32}},"loc":{"start":{"line":19,"column":49},"end":{"line":20,"column":null}},"line":19},"2":{"name":"(anonymous_2)","decl":{"start":{"line":23,"column":8},"end":{"line":23,"column":24}},"loc":{"start":{"line":23,"column":40},"end":{"line":24,"column":null}},"line":23},"3":{"name":"(anonymous_3)","decl":{"start":{"line":27,"column":8},"end":{"line":27,"column":28}},"loc":{"start":{"line":27,"column":48},"end":{"line":28,"column":null}},"line":27}},"branchMap":{"0":{"loc":{"start":{"line":40,"column":14},"end":{"line":40,"column":33}},"type":"binary-expr","locations":[{"start":{"line":40,"column":14},"end":{"line":40,"column":31}},{"start":{"line":40,"column":31},"end":{"line":40,"column":33}}],"line":40},"1":{"loc":{"start":{"line":41,"column":18},"end":{"line":41,"column":null}},"type":"binary-expr","locations":[{"start":{"line":41,"column":18},"end":{"line":41,"column":33}},{"start":{"line":41,"column":33},"end":{"line":41,"column":null}}],"line":41}},"s":{"0":5,"1":5,"2":5,"3":5,"4":5,"5":0,"6":5,"7":1,"8":5,"9":0,"10":5},"f":{"0":5,"1":0,"2":1,"3":0},"b":{"0":[5,2],"1":[5,3]},"meta":{"lastBranch":2,"lastFunction":4,"lastStatement":11,"seen":{"f:7:24:7:37":0,"s:8:18:8:49":0,"s:9:37:9:Infinity":1,"s:11:9:11:52":2,"s:13:55:16:Infinity":3,"s:19:8:20:Infinity":4,"f:19:8:19:32":1,"s:20:4:20:Infinity":5,"s:23:8:24:Infinity":6,"f:23:8:23:24":2,"s:24:4:24:Infinity":7,"s:27:8:28:Infinity":8,"f:27:8:27:28":3,"s:28:4:28:Infinity":9,"s:31:2:50:Infinity":10,"b:40:14:40:31:40:31:40:33":0,"b:41:18:41:33:41:33:41:Infinity":1}}}
}
